#-----------------------------------------------------------
# Vivado v2020.2 (64-bit)
# SW Build 3064766 on Wed Nov 18 09:12:45 MST 2020
# IP Build 3064653 on Wed Nov 18 14:17:31 MST 2020
# Start of session at: Sat Jun 26 17:34:08 2021
# Process ID: 24852
# Current directory: C:/Users/robdj/Documents/RMIT_2021/CAP_STONE/DVI_PASSTHROUGH_CAPS/Working_HDMI_passthrough
# Command line: vivado.exe -gui_launcher_event rodinguilauncherevent260 C:\Users\robdj\Documents\RMIT_2021\CAP_STONE\DVI_PASSTHROUGH_CAPS\Working_HDMI_passthrough\Working_HDMI_passthrough.xpr
# Log file: C:/Users/robdj/Documents/RMIT_2021/CAP_STONE/DVI_PASSTHROUGH_CAPS/Working_HDMI_passthrough/vivado.log
# Journal file: C:/Users/robdj/Documents/RMIT_2021/CAP_STONE/DVI_PASSTHROUGH_CAPS/Working_HDMI_passthrough\vivado.jou
#-----------------------------------------------------------
start_gui
open_project C:/Users/robdj/Documents/RMIT_2021/CAP_STONE/DVI_PASSTHROUGH_CAPS/Working_HDMI_passthrough/Working_HDMI_passthrough.xpr
INFO: [ProjectBase 1-489] The host OS only allows 260 characters in a normal path. The project is stored in a path with more than 80 characters. If you experience issues with IP, Block Designs, or files not being found, please consider moving the project to a location with a shorter path. Alternately consider using the OS subst command to map part of the path to a drive letter.
Current project path is 'C:/Users/robdj/Documents/RMIT_2021/CAP_STONE/DVI_PASSTHROUGH_CAPS/Working_HDMI_passthrough'
Scanning sources...
Finished scanning sources
INFO: [IP_Flow 19-234] Refreshing IP repositories
INFO: [IP_Flow 19-1700] Loaded user IP repository 'c:/Users/robdj/Documents/RMIT_2021/CAP_STONE/DIGILENT_LIB/vivado-library-master'.
INFO: [IP_Flow 19-2313] Loaded Vivado IP repository 'C:/Xilinx/Vivado/2020.2/data/ip'.
open_project: Time (s): cpu = 00:00:54 ; elapsed = 00:00:47 . Memory (MB): peak = 1086.441 ; gain = 0.000
update_compile_order -fileset sources_1
close [ open C:/Users/robdj/Documents/RMIT_2021/CAP_STONE/DVI_PASSTHROUGH_CAPS/Working_HDMI_passthrough/Working_HDMI_passthrough.srcs/sources_1/new/colourise.v w ]
add_files C:/Users/robdj/Documents/RMIT_2021/CAP_STONE/DVI_PASSTHROUGH_CAPS/Working_HDMI_passthrough/Working_HDMI_passthrough.srcs/sources_1/new/colourise.v
update_compile_order -fileset sources_1
set_property top colourise [current_fileset]
update_compile_order -fileset sources_1
reset_run synth_1
launch_runs synth_1 -jobs 4
[Sat Jun 26 17:53:50 2021] Launched synth_1...
Run output will be captured here: C:/Users/robdj/Documents/RMIT_2021/CAP_STONE/DVI_PASSTHROUGH_CAPS/Working_HDMI_passthrough/Working_HDMI_passthrough.runs/synth_1/runme.log
open_run synth_1 -name synth_1
Design is defaulting to impl run constrset: constrs_1
Design is defaulting to synth run part: xc7z020clg400-1
INFO: [Device 21-403] Loading part xc7z020clg400-1
Netlist sorting complete. Time (s): cpu = 00:00:00 ; elapsed = 00:00:00 . Memory (MB): peak = 1364.988 ; gain = 0.000
INFO: [Project 1-479] Netlist was created with Vivado 2020.2
INFO: [Project 1-570] Preparing netlist for logic optimization
Parsing XDC File [C:/Users/robdj/Documents/RMIT_2021/CAP_STONE/DVI_PASSTHROUGH_CAPS/Working_HDMI_passthrough/Working_HDMI_passthrough.srcs/constrs_1/imports/digilent-xdc-master/Arty-Z7-20-Master.xdc]
WARNING: [Vivado 12-584] No ports matched 'sysclk_i'. [C:/Users/robdj/Documents/RMIT_2021/CAP_STONE/DVI_PASSTHROUGH_CAPS/Working_HDMI_passthrough/Working_HDMI_passthrough.srcs/constrs_1/imports/digilent-xdc-master/Arty-Z7-20-Master.xdc:7]
CRITICAL WARNING: [Common 17-55] 'set_property' expects at least one object. [C:/Users/robdj/Documents/RMIT_2021/CAP_STONE/DVI_PASSTHROUGH_CAPS/Working_HDMI_passthrough/Working_HDMI_passthrough.srcs/constrs_1/imports/digilent-xdc-master/Arty-Z7-20-Master.xdc:7]
Resolution: If [get_<value>] was used to populate the object, check to make sure this command returns at least one valid object.
WARNING: [Vivado 12-584] No ports matched 'sysclk_i'. [C:/Users/robdj/Documents/RMIT_2021/CAP_STONE/DVI_PASSTHROUGH_CAPS/Working_HDMI_passthrough/Working_HDMI_passthrough.srcs/constrs_1/imports/digilent-xdc-master/Arty-Z7-20-Master.xdc:8]
CRITICAL WARNING: [Vivado 12-4739] create_clock:No valid object(s) found for '-objects [get_ports sysclk_i]'. [C:/Users/robdj/Documents/RMIT_2021/CAP_STONE/DVI_PASSTHROUGH_CAPS/Working_HDMI_passthrough/Working_HDMI_passthrough.srcs/constrs_1/imports/digilent-xdc-master/Arty-Z7-20-Master.xdc:8]
Resolution: Check if the specified object(s) exists in the current design. If it does, ensure that the correct design hierarchy was specified for the object. If you are working with clocks, make sure create_clock was used to create the clock object before it is referenced.
WARNING: [Vivado 12-584] No ports matched 'async_reset_i'. [C:/Users/robdj/Documents/RMIT_2021/CAP_STONE/DVI_PASSTHROUGH_CAPS/Working_HDMI_passthrough/Working_HDMI_passthrough.srcs/constrs_1/imports/digilent-xdc-master/Arty-Z7-20-Master.xdc:13]
CRITICAL WARNING: [Common 17-55] 'set_property' expects at least one object. [C:/Users/robdj/Documents/RMIT_2021/CAP_STONE/DVI_PASSTHROUGH_CAPS/Working_HDMI_passthrough/Working_HDMI_passthrough.srcs/constrs_1/imports/digilent-xdc-master/Arty-Z7-20-Master.xdc:13]
Resolution: If [get_<value>] was used to populate the object, check to make sure this command returns at least one valid object.
WARNING: [Vivado 12-584] No ports matched 'sw2'. [C:/Users/robdj/Documents/RMIT_2021/CAP_STONE/DVI_PASSTHROUGH_CAPS/Working_HDMI_passthrough/Working_HDMI_passthrough.srcs/constrs_1/imports/digilent-xdc-master/Arty-Z7-20-Master.xdc:14]
CRITICAL WARNING: [Common 17-55] 'set_property' expects at least one object. [C:/Users/robdj/Documents/RMIT_2021/CAP_STONE/DVI_PASSTHROUGH_CAPS/Working_HDMI_passthrough/Working_HDMI_passthrough.srcs/constrs_1/imports/digilent-xdc-master/Arty-Z7-20-Master.xdc:14]
Resolution: If [get_<value>] was used to populate the object, check to make sure this command returns at least one valid object.
WARNING: [Vivado 12-584] No ports matched 'led0'. [C:/Users/robdj/Documents/RMIT_2021/CAP_STONE/DVI_PASSTHROUGH_CAPS/Working_HDMI_passthrough/Working_HDMI_passthrough.srcs/constrs_1/imports/digilent-xdc-master/Arty-Z7-20-Master.xdc:25]
CRITICAL WARNING: [Common 17-55] 'set_property' expects at least one object. [C:/Users/robdj/Documents/RMIT_2021/CAP_STONE/DVI_PASSTHROUGH_CAPS/Working_HDMI_passthrough/Working_HDMI_passthrough.srcs/constrs_1/imports/digilent-xdc-master/Arty-Z7-20-Master.xdc:25]
Resolution: If [get_<value>] was used to populate the object, check to make sure this command returns at least one valid object.
WARNING: [Vivado 12-584] No ports matched 'led1'. [C:/Users/robdj/Documents/RMIT_2021/CAP_STONE/DVI_PASSTHROUGH_CAPS/Working_HDMI_passthrough/Working_HDMI_passthrough.srcs/constrs_1/imports/digilent-xdc-master/Arty-Z7-20-Master.xdc:26]
CRITICAL WARNING: [Common 17-55] 'set_property' expects at least one object. [C:/Users/robdj/Documents/RMIT_2021/CAP_STONE/DVI_PASSTHROUGH_CAPS/Working_HDMI_passthrough/Working_HDMI_passthrough.srcs/constrs_1/imports/digilent-xdc-master/Arty-Z7-20-Master.xdc:26]
Resolution: If [get_<value>] was used to populate the object, check to make sure this command returns at least one valid object.
WARNING: [Vivado 12-584] No ports matched 'led2'. [C:/Users/robdj/Documents/RMIT_2021/CAP_STONE/DVI_PASSTHROUGH_CAPS/Working_HDMI_passthrough/Working_HDMI_passthrough.srcs/constrs_1/imports/digilent-xdc-master/Arty-Z7-20-Master.xdc:27]
CRITICAL WARNING: [Common 17-55] 'set_property' expects at least one object. [C:/Users/robdj/Documents/RMIT_2021/CAP_STONE/DVI_PASSTHROUGH_CAPS/Working_HDMI_passthrough/Working_HDMI_passthrough.srcs/constrs_1/imports/digilent-xdc-master/Arty-Z7-20-Master.xdc:27]
Resolution: If [get_<value>] was used to populate the object, check to make sure this command returns at least one valid object.
WARNING: [Vivado 12-584] No ports matched 'led3'. [C:/Users/robdj/Documents/RMIT_2021/CAP_STONE/DVI_PASSTHROUGH_CAPS/Working_HDMI_passthrough/Working_HDMI_passthrough.srcs/constrs_1/imports/digilent-xdc-master/Arty-Z7-20-Master.xdc:28]
CRITICAL WARNING: [Common 17-55] 'set_property' expects at least one object. [C:/Users/robdj/Documents/RMIT_2021/CAP_STONE/DVI_PASSTHROUGH_CAPS/Working_HDMI_passthrough/Working_HDMI_passthrough.srcs/constrs_1/imports/digilent-xdc-master/Arty-Z7-20-Master.xdc:28]
Resolution: If [get_<value>] was used to populate the object, check to make sure this command returns at least one valid object.
WARNING: [Vivado 12-584] No ports matched 'btn0'. [C:/Users/robdj/Documents/RMIT_2021/CAP_STONE/DVI_PASSTHROUGH_CAPS/Working_HDMI_passthrough/Working_HDMI_passthrough.srcs/constrs_1/imports/digilent-xdc-master/Arty-Z7-20-Master.xdc:31]
CRITICAL WARNING: [Common 17-55] 'set_property' expects at least one object. [C:/Users/robdj/Documents/RMIT_2021/CAP_STONE/DVI_PASSTHROUGH_CAPS/Working_HDMI_passthrough/Working_HDMI_passthrough.srcs/constrs_1/imports/digilent-xdc-master/Arty-Z7-20-Master.xdc:31]
Resolution: If [get_<value>] was used to populate the object, check to make sure this command returns at least one valid object.
WARNING: [Vivado 12-584] No ports matched 'btn1'. [C:/Users/robdj/Documents/RMIT_2021/CAP_STONE/DVI_PASSTHROUGH_CAPS/Working_HDMI_passthrough/Working_HDMI_passthrough.srcs/constrs_1/imports/digilent-xdc-master/Arty-Z7-20-Master.xdc:32]
CRITICAL WARNING: [Common 17-55] 'set_property' expects at least one object. [C:/Users/robdj/Documents/RMIT_2021/CAP_STONE/DVI_PASSTHROUGH_CAPS/Working_HDMI_passthrough/Working_HDMI_passthrough.srcs/constrs_1/imports/digilent-xdc-master/Arty-Z7-20-Master.xdc:32]
Resolution: If [get_<value>] was used to populate the object, check to make sure this command returns at least one valid object.
WARNING: [Vivado 12-584] No ports matched 'btn2'. [C:/Users/robdj/Documents/RMIT_2021/CAP_STONE/DVI_PASSTHROUGH_CAPS/Working_HDMI_passthrough/Working_HDMI_passthrough.srcs/constrs_1/imports/digilent-xdc-master/Arty-Z7-20-Master.xdc:33]
CRITICAL WARNING: [Common 17-55] 'set_property' expects at least one object. [C:/Users/robdj/Documents/RMIT_2021/CAP_STONE/DVI_PASSTHROUGH_CAPS/Working_HDMI_passthrough/Working_HDMI_passthrough.srcs/constrs_1/imports/digilent-xdc-master/Arty-Z7-20-Master.xdc:33]
Resolution: If [get_<value>] was used to populate the object, check to make sure this command returns at least one valid object.
WARNING: [Vivado 12-584] No ports matched 'btn3'. [C:/Users/robdj/Documents/RMIT_2021/CAP_STONE/DVI_PASSTHROUGH_CAPS/Working_HDMI_passthrough/Working_HDMI_passthrough.srcs/constrs_1/imports/digilent-xdc-master/Arty-Z7-20-Master.xdc:34]
CRITICAL WARNING: [Common 17-55] 'set_property' expects at least one object. [C:/Users/robdj/Documents/RMIT_2021/CAP_STONE/DVI_PASSTHROUGH_CAPS/Working_HDMI_passthrough/Working_HDMI_passthrough.srcs/constrs_1/imports/digilent-xdc-master/Arty-Z7-20-Master.xdc:34]
Resolution: If [get_<value>] was used to populate the object, check to make sure this command returns at least one valid object.
WARNING: [Vivado 12-584] No ports matched 'hdmi_rx_cec'. [C:/Users/robdj/Documents/RMIT_2021/CAP_STONE/DVI_PASSTHROUGH_CAPS/Working_HDMI_passthrough/Working_HDMI_passthrough.srcs/constrs_1/imports/digilent-xdc-master/Arty-Z7-20-Master.xdc:64]
CRITICAL WARNING: [Common 17-55] 'set_property' expects at least one object. [C:/Users/robdj/Documents/RMIT_2021/CAP_STONE/DVI_PASSTHROUGH_CAPS/Working_HDMI_passthrough/Working_HDMI_passthrough.srcs/constrs_1/imports/digilent-xdc-master/Arty-Z7-20-Master.xdc:64]
Resolution: If [get_<value>] was used to populate the object, check to make sure this command returns at least one valid object.
WARNING: [Vivado 12-584] No ports matched 'tmds_rx_clk_n_i'. [C:/Users/robdj/Documents/RMIT_2021/CAP_STONE/DVI_PASSTHROUGH_CAPS/Working_HDMI_passthrough/Working_HDMI_passthrough.srcs/constrs_1/imports/digilent-xdc-master/Arty-Z7-20-Master.xdc:65]
CRITICAL WARNING: [Common 17-55] 'set_property' expects at least one object. [C:/Users/robdj/Documents/RMIT_2021/CAP_STONE/DVI_PASSTHROUGH_CAPS/Working_HDMI_passthrough/Working_HDMI_passthrough.srcs/constrs_1/imports/digilent-xdc-master/Arty-Z7-20-Master.xdc:65]
Resolution: If [get_<value>] was used to populate the object, check to make sure this command returns at least one valid object.
WARNING: [Vivado 12-584] No ports matched 'tmds_rx_clk_p_i'. [C:/Users/robdj/Documents/RMIT_2021/CAP_STONE/DVI_PASSTHROUGH_CAPS/Working_HDMI_passthrough/Working_HDMI_passthrough.srcs/constrs_1/imports/digilent-xdc-master/Arty-Z7-20-Master.xdc:66]
CRITICAL WARNING: [Common 17-55] 'set_property' expects at least one object. [C:/Users/robdj/Documents/RMIT_2021/CAP_STONE/DVI_PASSTHROUGH_CAPS/Working_HDMI_passthrough/Working_HDMI_passthrough.srcs/constrs_1/imports/digilent-xdc-master/Arty-Z7-20-Master.xdc:66]
Resolution: If [get_<value>] was used to populate the object, check to make sure this command returns at least one valid object.
WARNING: [Vivado 12-584] No ports matched 'tmds_rx_data_n_i[0]'. [C:/Users/robdj/Documents/RMIT_2021/CAP_STONE/DVI_PASSTHROUGH_CAPS/Working_HDMI_passthrough/Working_HDMI_passthrough.srcs/constrs_1/imports/digilent-xdc-master/Arty-Z7-20-Master.xdc:67]
CRITICAL WARNING: [Common 17-55] 'set_property' expects at least one object. [C:/Users/robdj/Documents/RMIT_2021/CAP_STONE/DVI_PASSTHROUGH_CAPS/Working_HDMI_passthrough/Working_HDMI_passthrough.srcs/constrs_1/imports/digilent-xdc-master/Arty-Z7-20-Master.xdc:67]
Resolution: If [get_<value>] was used to populate the object, check to make sure this command returns at least one valid object.
WARNING: [Vivado 12-584] No ports matched 'tmds_rx_data_p_i[0]'. [C:/Users/robdj/Documents/RMIT_2021/CAP_STONE/DVI_PASSTHROUGH_CAPS/Working_HDMI_passthrough/Working_HDMI_passthrough.srcs/constrs_1/imports/digilent-xdc-master/Arty-Z7-20-Master.xdc:68]
CRITICAL WARNING: [Common 17-55] 'set_property' expects at least one object. [C:/Users/robdj/Documents/RMIT_2021/CAP_STONE/DVI_PASSTHROUGH_CAPS/Working_HDMI_passthrough/Working_HDMI_passthrough.srcs/constrs_1/imports/digilent-xdc-master/Arty-Z7-20-Master.xdc:68]
Resolution: If [get_<value>] was used to populate the object, check to make sure this command returns at least one valid object.
WARNING: [Vivado 12-584] No ports matched 'tmds_rx_data_n_i[1]'. [C:/Users/robdj/Documents/RMIT_2021/CAP_STONE/DVI_PASSTHROUGH_CAPS/Working_HDMI_passthrough/Working_HDMI_passthrough.srcs/constrs_1/imports/digilent-xdc-master/Arty-Z7-20-Master.xdc:69]
CRITICAL WARNING: [Common 17-55] 'set_property' expects at least one object. [C:/Users/robdj/Documents/RMIT_2021/CAP_STONE/DVI_PASSTHROUGH_CAPS/Working_HDMI_passthrough/Working_HDMI_passthrough.srcs/constrs_1/imports/digilent-xdc-master/Arty-Z7-20-Master.xdc:69]
Resolution: If [get_<value>] was used to populate the object, check to make sure this command returns at least one valid object.
WARNING: [Vivado 12-584] No ports matched 'tmds_rx_data_p_i[1]'. [C:/Users/robdj/Documents/RMIT_2021/CAP_STONE/DVI_PASSTHROUGH_CAPS/Working_HDMI_passthrough/Working_HDMI_passthrough.srcs/constrs_1/imports/digilent-xdc-master/Arty-Z7-20-Master.xdc:70]
CRITICAL WARNING: [Common 17-55] 'set_property' expects at least one object. [C:/Users/robdj/Documents/RMIT_2021/CAP_STONE/DVI_PASSTHROUGH_CAPS/Working_HDMI_passthrough/Working_HDMI_passthrough.srcs/constrs_1/imports/digilent-xdc-master/Arty-Z7-20-Master.xdc:70]
Resolution: If [get_<value>] was used to populate the object, check to make sure this command returns at least one valid object.
WARNING: [Vivado 12-584] No ports matched 'tmds_rx_data_n_i[2]'. [C:/Users/robdj/Documents/RMIT_2021/CAP_STONE/DVI_PASSTHROUGH_CAPS/Working_HDMI_passthrough/Working_HDMI_passthrough.srcs/constrs_1/imports/digilent-xdc-master/Arty-Z7-20-Master.xdc:71]
CRITICAL WARNING: [Common 17-55] 'set_property' expects at least one object. [C:/Users/robdj/Documents/RMIT_2021/CAP_STONE/DVI_PASSTHROUGH_CAPS/Working_HDMI_passthrough/Working_HDMI_passthrough.srcs/constrs_1/imports/digilent-xdc-master/Arty-Z7-20-Master.xdc:71]
Resolution: If [get_<value>] was used to populate the object, check to make sure this command returns at least one valid object.
WARNING: [Vivado 12-584] No ports matched 'tmds_rx_data_p_i[2]'. [C:/Users/robdj/Documents/RMIT_2021/CAP_STONE/DVI_PASSTHROUGH_CAPS/Working_HDMI_passthrough/Working_HDMI_passthrough.srcs/constrs_1/imports/digilent-xdc-master/Arty-Z7-20-Master.xdc:72]
CRITICAL WARNING: [Common 17-55] 'set_property' expects at least one object. [C:/Users/robdj/Documents/RMIT_2021/CAP_STONE/DVI_PASSTHROUGH_CAPS/Working_HDMI_passthrough/Working_HDMI_passthrough.srcs/constrs_1/imports/digilent-xdc-master/Arty-Z7-20-Master.xdc:72]
Resolution: If [get_<value>] was used to populate the object, check to make sure this command returns at least one valid object.
WARNING: [Vivado 12-584] No ports matched 'hdmi_rx_hpd_o'. [C:/Users/robdj/Documents/RMIT_2021/CAP_STONE/DVI_PASSTHROUGH_CAPS/Working_HDMI_passthrough/Working_HDMI_passthrough.srcs/constrs_1/imports/digilent-xdc-master/Arty-Z7-20-Master.xdc:73]
CRITICAL WARNING: [Common 17-55] 'set_property' expects at least one object. [C:/Users/robdj/Documents/RMIT_2021/CAP_STONE/DVI_PASSTHROUGH_CAPS/Working_HDMI_passthrough/Working_HDMI_passthrough.srcs/constrs_1/imports/digilent-xdc-master/Arty-Z7-20-Master.xdc:73]
Resolution: If [get_<value>] was used to populate the object, check to make sure this command returns at least one valid object.
WARNING: [Vivado 12-584] No ports matched 'scl_io'. [C:/Users/robdj/Documents/RMIT_2021/CAP_STONE/DVI_PASSTHROUGH_CAPS/Working_HDMI_passthrough/Working_HDMI_passthrough.srcs/constrs_1/imports/digilent-xdc-master/Arty-Z7-20-Master.xdc:74]
CRITICAL WARNING: [Common 17-55] 'set_property' expects at least one object. [C:/Users/robdj/Documents/RMIT_2021/CAP_STONE/DVI_PASSTHROUGH_CAPS/Working_HDMI_passthrough/Working_HDMI_passthrough.srcs/constrs_1/imports/digilent-xdc-master/Arty-Z7-20-Master.xdc:74]
Resolution: If [get_<value>] was used to populate the object, check to make sure this command returns at least one valid object.
WARNING: [Vivado 12-584] No ports matched 'sda_io'. [C:/Users/robdj/Documents/RMIT_2021/CAP_STONE/DVI_PASSTHROUGH_CAPS/Working_HDMI_passthrough/Working_HDMI_passthrough.srcs/constrs_1/imports/digilent-xdc-master/Arty-Z7-20-Master.xdc:75]
CRITICAL WARNING: [Common 17-55] 'set_property' expects at least one object. [C:/Users/robdj/Documents/RMIT_2021/CAP_STONE/DVI_PASSTHROUGH_CAPS/Working_HDMI_passthrough/Working_HDMI_passthrough.srcs/constrs_1/imports/digilent-xdc-master/Arty-Z7-20-Master.xdc:75]
Resolution: If [get_<value>] was used to populate the object, check to make sure this command returns at least one valid object.
WARNING: [Vivado 12-584] No ports matched 'hdmi_tx_cec'. [C:/Users/robdj/Documents/RMIT_2021/CAP_STONE/DVI_PASSTHROUGH_CAPS/Working_HDMI_passthrough/Working_HDMI_passthrough.srcs/constrs_1/imports/digilent-xdc-master/Arty-Z7-20-Master.xdc:78]
CRITICAL WARNING: [Common 17-55] 'set_property' expects at least one object. [C:/Users/robdj/Documents/RMIT_2021/CAP_STONE/DVI_PASSTHROUGH_CAPS/Working_HDMI_passthrough/Working_HDMI_passthrough.srcs/constrs_1/imports/digilent-xdc-master/Arty-Z7-20-Master.xdc:78]
Resolution: If [get_<value>] was used to populate the object, check to make sure this command returns at least one valid object.
WARNING: [Vivado 12-584] No ports matched 'tmds_tx_clk_n_o'. [C:/Users/robdj/Documents/RMIT_2021/CAP_STONE/DVI_PASSTHROUGH_CAPS/Working_HDMI_passthrough/Working_HDMI_passthrough.srcs/constrs_1/imports/digilent-xdc-master/Arty-Z7-20-Master.xdc:79]
CRITICAL WARNING: [Common 17-55] 'set_property' expects at least one object. [C:/Users/robdj/Documents/RMIT_2021/CAP_STONE/DVI_PASSTHROUGH_CAPS/Working_HDMI_passthrough/Working_HDMI_passthrough.srcs/constrs_1/imports/digilent-xdc-master/Arty-Z7-20-Master.xdc:79]
Resolution: If [get_<value>] was used to populate the object, check to make sure this command returns at least one valid object.
WARNING: [Vivado 12-584] No ports matched 'tmds_tx_clk_p_o'. [C:/Users/robdj/Documents/RMIT_2021/CAP_STONE/DVI_PASSTHROUGH_CAPS/Working_HDMI_passthrough/Working_HDMI_passthrough.srcs/constrs_1/imports/digilent-xdc-master/Arty-Z7-20-Master.xdc:80]
CRITICAL WARNING: [Common 17-55] 'set_property' expects at least one object. [C:/Users/robdj/Documents/RMIT_2021/CAP_STONE/DVI_PASSTHROUGH_CAPS/Working_HDMI_passthrough/Working_HDMI_passthrough.srcs/constrs_1/imports/digilent-xdc-master/Arty-Z7-20-Master.xdc:80]
Resolution: If [get_<value>] was used to populate the object, check to make sure this command returns at least one valid object.
WARNING: [Vivado 12-584] No ports matched 'tmds_tx_data_n_o[0]'. [C:/Users/robdj/Documents/RMIT_2021/CAP_STONE/DVI_PASSTHROUGH_CAPS/Working_HDMI_passthrough/Working_HDMI_passthrough.srcs/constrs_1/imports/digilent-xdc-master/Arty-Z7-20-Master.xdc:81]
CRITICAL WARNING: [Common 17-55] 'set_property' expects at least one object. [C:/Users/robdj/Documents/RMIT_2021/CAP_STONE/DVI_PASSTHROUGH_CAPS/Working_HDMI_passthrough/Working_HDMI_passthrough.srcs/constrs_1/imports/digilent-xdc-master/Arty-Z7-20-Master.xdc:81]
Resolution: If [get_<value>] was used to populate the object, check to make sure this command returns at least one valid object.
WARNING: [Vivado 12-584] No ports matched 'tmds_tx_data_p_o[0]'. [C:/Users/robdj/Documents/RMIT_2021/CAP_STONE/DVI_PASSTHROUGH_CAPS/Working_HDMI_passthrough/Working_HDMI_passthrough.srcs/constrs_1/imports/digilent-xdc-master/Arty-Z7-20-Master.xdc:82]
CRITICAL WARNING: [Common 17-55] 'set_property' expects at least one object. [C:/Users/robdj/Documents/RMIT_2021/CAP_STONE/DVI_PASSTHROUGH_CAPS/Working_HDMI_passthrough/Working_HDMI_passthrough.srcs/constrs_1/imports/digilent-xdc-master/Arty-Z7-20-Master.xdc:82]
Resolution: If [get_<value>] was used to populate the object, check to make sure this command returns at least one valid object.
WARNING: [Vivado 12-584] No ports matched 'tmds_tx_data_n_o[1]'. [C:/Users/robdj/Documents/RMIT_2021/CAP_STONE/DVI_PASSTHROUGH_CAPS/Working_HDMI_passthrough/Working_HDMI_passthrough.srcs/constrs_1/imports/digilent-xdc-master/Arty-Z7-20-Master.xdc:83]
CRITICAL WARNING: [Common 17-55] 'set_property' expects at least one object. [C:/Users/robdj/Documents/RMIT_2021/CAP_STONE/DVI_PASSTHROUGH_CAPS/Working_HDMI_passthrough/Working_HDMI_passthrough.srcs/constrs_1/imports/digilent-xdc-master/Arty-Z7-20-Master.xdc:83]
Resolution: If [get_<value>] was used to populate the object, check to make sure this command returns at least one valid object.
WARNING: [Vivado 12-584] No ports matched 'tmds_tx_data_p_o[1]'. [C:/Users/robdj/Documents/RMIT_2021/CAP_STONE/DVI_PASSTHROUGH_CAPS/Working_HDMI_passthrough/Working_HDMI_passthrough.srcs/constrs_1/imports/digilent-xdc-master/Arty-Z7-20-Master.xdc:84]
CRITICAL WARNING: [Common 17-55] 'set_property' expects at least one object. [C:/Users/robdj/Documents/RMIT_2021/CAP_STONE/DVI_PASSTHROUGH_CAPS/Working_HDMI_passthrough/Working_HDMI_passthrough.srcs/constrs_1/imports/digilent-xdc-master/Arty-Z7-20-Master.xdc:84]
Resolution: If [get_<value>] was used to populate the object, check to make sure this command returns at least one valid object.
WARNING: [Vivado 12-584] No ports matched 'tmds_tx_data_n_o[2]'. [C:/Users/robdj/Documents/RMIT_2021/CAP_STONE/DVI_PASSTHROUGH_CAPS/Working_HDMI_passthrough/Working_HDMI_passthrough.srcs/constrs_1/imports/digilent-xdc-master/Arty-Z7-20-Master.xdc:85]
CRITICAL WARNING: [Common 17-55] 'set_property' expects at least one object. [C:/Users/robdj/Documents/RMIT_2021/CAP_STONE/DVI_PASSTHROUGH_CAPS/Working_HDMI_passthrough/Working_HDMI_passthrough.srcs/constrs_1/imports/digilent-xdc-master/Arty-Z7-20-Master.xdc:85]
Resolution: If [get_<value>] was used to populate the object, check to make sure this command returns at least one valid object.
WARNING: [Vivado 12-584] No ports matched 'tmds_tx_data_p_o[2]'. [C:/Users/robdj/Documents/RMIT_2021/CAP_STONE/DVI_PASSTHROUGH_CAPS/Working_HDMI_passthrough/Working_HDMI_passthrough.srcs/constrs_1/imports/digilent-xdc-master/Arty-Z7-20-Master.xdc:86]
CRITICAL WARNING: [Common 17-55] 'set_property' expects at least one object. [C:/Users/robdj/Documents/RMIT_2021/CAP_STONE/DVI_PASSTHROUGH_CAPS/Working_HDMI_passthrough/Working_HDMI_passthrough.srcs/constrs_1/imports/digilent-xdc-master/Arty-Z7-20-Master.xdc:86]
Resolution: If [get_<value>] was used to populate the object, check to make sure this command returns at least one valid object.
WARNING: [Vivado 12-584] No ports matched 'hdmi_tx_hpdn'. [C:/Users/robdj/Documents/RMIT_2021/CAP_STONE/DVI_PASSTHROUGH_CAPS/Working_HDMI_passthrough/Working_HDMI_passthrough.srcs/constrs_1/imports/digilent-xdc-master/Arty-Z7-20-Master.xdc:87]
CRITICAL WARNING: [Common 17-55] 'set_property' expects at least one object. [C:/Users/robdj/Documents/RMIT_2021/CAP_STONE/DVI_PASSTHROUGH_CAPS/Working_HDMI_passthrough/Working_HDMI_passthrough.srcs/constrs_1/imports/digilent-xdc-master/Arty-Z7-20-Master.xdc:87]
Resolution: If [get_<value>] was used to populate the object, check to make sure this command returns at least one valid object.
WARNING: [Vivado 12-584] No ports matched 'hdmi_tx_scl'. [C:/Users/robdj/Documents/RMIT_2021/CAP_STONE/DVI_PASSTHROUGH_CAPS/Working_HDMI_passthrough/Working_HDMI_passthrough.srcs/constrs_1/imports/digilent-xdc-master/Arty-Z7-20-Master.xdc:88]
CRITICAL WARNING: [Common 17-55] 'set_property' expects at least one object. [C:/Users/robdj/Documents/RMIT_2021/CAP_STONE/DVI_PASSTHROUGH_CAPS/Working_HDMI_passthrough/Working_HDMI_passthrough.srcs/constrs_1/imports/digilent-xdc-master/Arty-Z7-20-Master.xdc:88]
Resolution: If [get_<value>] was used to populate the object, check to make sure this command returns at least one valid object.
WARNING: [Vivado 12-584] No ports matched 'hdmi_tx_sda'. [C:/Users/robdj/Documents/RMIT_2021/CAP_STONE/DVI_PASSTHROUGH_CAPS/Working_HDMI_passthrough/Working_HDMI_passthrough.srcs/constrs_1/imports/digilent-xdc-master/Arty-Z7-20-Master.xdc:89]
CRITICAL WARNING: [Common 17-55] 'set_property' expects at least one object. [C:/Users/robdj/Documents/RMIT_2021/CAP_STONE/DVI_PASSTHROUGH_CAPS/Working_HDMI_passthrough/Working_HDMI_passthrough.srcs/constrs_1/imports/digilent-xdc-master/Arty-Z7-20-Master.xdc:89]
Resolution: If [get_<value>] was used to populate the object, check to make sure this command returns at least one valid object.
WARNING: [Vivado 12-507] No nets matched 'led2_OBUF'. [C:/Users/robdj/Documents/RMIT_2021/CAP_STONE/DVI_PASSTHROUGH_CAPS/Working_HDMI_passthrough/Working_HDMI_passthrough.srcs/constrs_1/imports/digilent-xdc-master/Arty-Z7-20-Master.xdc:189]
CRITICAL WARNING: [Common 17-55] 'set_property' expects at least one object. [C:/Users/robdj/Documents/RMIT_2021/CAP_STONE/DVI_PASSTHROUGH_CAPS/Working_HDMI_passthrough/Working_HDMI_passthrough.srcs/constrs_1/imports/digilent-xdc-master/Arty-Z7-20-Master.xdc:189]
Resolution: If [get_<value>] was used to populate the object, check to make sure this command returns at least one valid object.
WARNING: [Vivado 12-507] No nets matched 'led_control/fade_up_down/cnt[0]'. [C:/Users/robdj/Documents/RMIT_2021/CAP_STONE/DVI_PASSTHROUGH_CAPS/Working_HDMI_passthrough/Working_HDMI_passthrough.srcs/constrs_1/imports/digilent-xdc-master/Arty-Z7-20-Master.xdc:190]
CRITICAL WARNING: [Common 17-55] 'set_property' expects at least one object. [C:/Users/robdj/Documents/RMIT_2021/CAP_STONE/DVI_PASSTHROUGH_CAPS/Working_HDMI_passthrough/Working_HDMI_passthrough.srcs/constrs_1/imports/digilent-xdc-master/Arty-Z7-20-Master.xdc:190]
Resolution: If [get_<value>] was used to populate the object, check to make sure this command returns at least one valid object.
WARNING: [Vivado 12-507] No nets matched 'led_control/fade_up_down/cnt[1]'. [C:/Users/robdj/Documents/RMIT_2021/CAP_STONE/DVI_PASSTHROUGH_CAPS/Working_HDMI_passthrough/Working_HDMI_passthrough.srcs/constrs_1/imports/digilent-xdc-master/Arty-Z7-20-Master.xdc:191]
CRITICAL WARNING: [Common 17-55] 'set_property' expects at least one object. [C:/Users/robdj/Documents/RMIT_2021/CAP_STONE/DVI_PASSTHROUGH_CAPS/Working_HDMI_passthrough/Working_HDMI_passthrough.srcs/constrs_1/imports/digilent-xdc-master/Arty-Z7-20-Master.xdc:191]
Resolution: If [get_<value>] was used to populate the object, check to make sure this command returns at least one valid object.
WARNING: [Vivado 12-507] No nets matched 'led_control/fade_up_down/cnt[2]'. [C:/Users/robdj/Documents/RMIT_2021/CAP_STONE/DVI_PASSTHROUGH_CAPS/Working_HDMI_passthrough/Working_HDMI_passthrough.srcs/constrs_1/imports/digilent-xdc-master/Arty-Z7-20-Master.xdc:192]
CRITICAL WARNING: [Common 17-55] 'set_property' expects at least one object. [C:/Users/robdj/Documents/RMIT_2021/CAP_STONE/DVI_PASSTHROUGH_CAPS/Working_HDMI_passthrough/Working_HDMI_passthrough.srcs/constrs_1/imports/digilent-xdc-master/Arty-Z7-20-Master.xdc:192]
Resolution: If [get_<value>] was used to populate the object, check to make sure this command returns at least one valid object.
WARNING: [Vivado 12-507] No nets matched 'led_control/fade_up_down/cnt[3]'. [C:/Users/robdj/Documents/RMIT_2021/CAP_STONE/DVI_PASSTHROUGH_CAPS/Working_HDMI_passthrough/Working_HDMI_passthrough.srcs/constrs_1/imports/digilent-xdc-master/Arty-Z7-20-Master.xdc:193]
CRITICAL WARNING: [Common 17-55] 'set_property' expects at least one object. [C:/Users/robdj/Documents/RMIT_2021/CAP_STONE/DVI_PASSTHROUGH_CAPS/Working_HDMI_passthrough/Working_HDMI_passthrough.srcs/constrs_1/imports/digilent-xdc-master/Arty-Z7-20-Master.xdc:193]
Resolution: If [get_<value>] was used to populate the object, check to make sure this command returns at least one valid object.
WARNING: [Vivado 12-507] No nets matched 'led_control/fade_up_down/cnt[4]'. [C:/Users/robdj/Documents/RMIT_2021/CAP_STONE/DVI_PASSTHROUGH_CAPS/Working_HDMI_passthrough/Working_HDMI_passthrough.srcs/constrs_1/imports/digilent-xdc-master/Arty-Z7-20-Master.xdc:194]
CRITICAL WARNING: [Common 17-55] 'set_property' expects at least one object. [C:/Users/robdj/Documents/RMIT_2021/CAP_STONE/DVI_PASSTHROUGH_CAPS/Working_HDMI_passthrough/Working_HDMI_passthrough.srcs/constrs_1/imports/digilent-xdc-master/Arty-Z7-20-Master.xdc:194]
Resolution: If [get_<value>] was used to populate the object, check to make sure this command returns at least one valid object.
WARNING: [Vivado 12-507] No nets matched 'led_control/fade_up_down/cnt[5]'. [C:/Users/robdj/Documents/RMIT_2021/CAP_STONE/DVI_PASSTHROUGH_CAPS/Working_HDMI_passthrough/Working_HDMI_passthrough.srcs/constrs_1/imports/digilent-xdc-master/Arty-Z7-20-Master.xdc:195]
CRITICAL WARNING: [Common 17-55] 'set_property' expects at least one object. [C:/Users/robdj/Documents/RMIT_2021/CAP_STONE/DVI_PASSTHROUGH_CAPS/Working_HDMI_passthrough/Working_HDMI_passthrough.srcs/constrs_1/imports/digilent-xdc-master/Arty-Z7-20-Master.xdc:195]
Resolution: If [get_<value>] was used to populate the object, check to make sure this command returns at least one valid object.
WARNING: [Vivado 12-507] No nets matched 'led_control/fade_up_down/cnt[6]'. [C:/Users/robdj/Documents/RMIT_2021/CAP_STONE/DVI_PASSTHROUGH_CAPS/Working_HDMI_passthrough/Working_HDMI_passthrough.srcs/constrs_1/imports/digilent-xdc-master/Arty-Z7-20-Master.xdc:196]
CRITICAL WARNING: [Common 17-55] 'set_property' expects at least one object. [C:/Users/robdj/Documents/RMIT_2021/CAP_STONE/DVI_PASSTHROUGH_CAPS/Working_HDMI_passthrough/Working_HDMI_passthrough.srcs/constrs_1/imports/digilent-xdc-master/Arty-Z7-20-Master.xdc:196]
Resolution: If [get_<value>] was used to populate the object, check to make sure this command returns at least one valid object.
WARNING: [Vivado 12-507] No nets matched 'led_control/fade_up_down/cnt[7]'. [C:/Users/robdj/Documents/RMIT_2021/CAP_STONE/DVI_PASSTHROUGH_CAPS/Working_HDMI_passthrough/Working_HDMI_passthrough.srcs/constrs_1/imports/digilent-xdc-master/Arty-Z7-20-Master.xdc:197]
CRITICAL WARNING: [Common 17-55] 'set_property' expects at least one object. [C:/Users/robdj/Documents/RMIT_2021/CAP_STONE/DVI_PASSTHROUGH_CAPS/Working_HDMI_passthrough/Working_HDMI_passthrough.srcs/constrs_1/imports/digilent-xdc-master/Arty-Z7-20-Master.xdc:197]
Resolution: If [get_<value>] was used to populate the object, check to make sure this command returns at least one valid object.
Finished Parsing XDC File [C:/Users/robdj/Documents/RMIT_2021/CAP_STONE/DVI_PASSTHROUGH_CAPS/Working_HDMI_passthrough/Working_HDMI_passthrough.srcs/constrs_1/imports/digilent-xdc-master/Arty-Z7-20-Master.xdc]
INFO: [Opt 31-138] Pushed 0 inverter(s) to 0 load pin(s).
Netlist sorting complete. Time (s): cpu = 00:00:00 ; elapsed = 00:00:00 . Memory (MB): peak = 1461.629 ; gain = 0.000
INFO: [Project 1-111] Unisim Transformation Summary:
No Unisim elements were transformed.

open_run: Time (s): cpu = 00:00:32 ; elapsed = 00:00:21 . Memory (MB): peak = 1606.812 ; gain = 520.371
reset_run synth_1
launch_runs synth_1 -jobs 4
[Sat Jun 26 17:58:18 2021] Launched synth_1...
Run output will be captured here: C:/Users/robdj/Documents/RMIT_2021/CAP_STONE/DVI_PASSTHROUGH_CAPS/Working_HDMI_passthrough/Working_HDMI_passthrough.runs/synth_1/runme.log
close_design
open_run synth_1 -name synth_1
Design is defaulting to impl run constrset: constrs_1
Design is defaulting to synth run part: xc7z020clg400-1
Netlist sorting complete. Time (s): cpu = 00:00:00 ; elapsed = 00:00:00.001 . Memory (MB): peak = 1640.266 ; gain = 0.000
INFO: [Project 1-479] Netlist was created with Vivado 2020.2
INFO: [Project 1-570] Preparing netlist for logic optimization
Parsing XDC File [C:/Users/robdj/Documents/RMIT_2021/CAP_STONE/DVI_PASSTHROUGH_CAPS/Working_HDMI_passthrough/Working_HDMI_passthrough.srcs/constrs_1/imports/digilent-xdc-master/Arty-Z7-20-Master.xdc]
WARNING: [Vivado 12-584] No ports matched 'sysclk_i'. [C:/Users/robdj/Documents/RMIT_2021/CAP_STONE/DVI_PASSTHROUGH_CAPS/Working_HDMI_passthrough/Working_HDMI_passthrough.srcs/constrs_1/imports/digilent-xdc-master/Arty-Z7-20-Master.xdc:7]
CRITICAL WARNING: [Common 17-55] 'set_property' expects at least one object. [C:/Users/robdj/Documents/RMIT_2021/CAP_STONE/DVI_PASSTHROUGH_CAPS/Working_HDMI_passthrough/Working_HDMI_passthrough.srcs/constrs_1/imports/digilent-xdc-master/Arty-Z7-20-Master.xdc:7]
Resolution: If [get_<value>] was used to populate the object, check to make sure this command returns at least one valid object.
WARNING: [Vivado 12-584] No ports matched 'sysclk_i'. [C:/Users/robdj/Documents/RMIT_2021/CAP_STONE/DVI_PASSTHROUGH_CAPS/Working_HDMI_passthrough/Working_HDMI_passthrough.srcs/constrs_1/imports/digilent-xdc-master/Arty-Z7-20-Master.xdc:8]
CRITICAL WARNING: [Vivado 12-4739] create_clock:No valid object(s) found for '-objects [get_ports sysclk_i]'. [C:/Users/robdj/Documents/RMIT_2021/CAP_STONE/DVI_PASSTHROUGH_CAPS/Working_HDMI_passthrough/Working_HDMI_passthrough.srcs/constrs_1/imports/digilent-xdc-master/Arty-Z7-20-Master.xdc:8]
Resolution: Check if the specified object(s) exists in the current design. If it does, ensure that the correct design hierarchy was specified for the object. If you are working with clocks, make sure create_clock was used to create the clock object before it is referenced.
WARNING: [Vivado 12-584] No ports matched 'async_reset_i'. [C:/Users/robdj/Documents/RMIT_2021/CAP_STONE/DVI_PASSTHROUGH_CAPS/Working_HDMI_passthrough/Working_HDMI_passthrough.srcs/constrs_1/imports/digilent-xdc-master/Arty-Z7-20-Master.xdc:13]
CRITICAL WARNING: [Common 17-55] 'set_property' expects at least one object. [C:/Users/robdj/Documents/RMIT_2021/CAP_STONE/DVI_PASSTHROUGH_CAPS/Working_HDMI_passthrough/Working_HDMI_passthrough.srcs/constrs_1/imports/digilent-xdc-master/Arty-Z7-20-Master.xdc:13]
Resolution: If [get_<value>] was used to populate the object, check to make sure this command returns at least one valid object.
WARNING: [Vivado 12-584] No ports matched 'sw2'. [C:/Users/robdj/Documents/RMIT_2021/CAP_STONE/DVI_PASSTHROUGH_CAPS/Working_HDMI_passthrough/Working_HDMI_passthrough.srcs/constrs_1/imports/digilent-xdc-master/Arty-Z7-20-Master.xdc:14]
CRITICAL WARNING: [Common 17-55] 'set_property' expects at least one object. [C:/Users/robdj/Documents/RMIT_2021/CAP_STONE/DVI_PASSTHROUGH_CAPS/Working_HDMI_passthrough/Working_HDMI_passthrough.srcs/constrs_1/imports/digilent-xdc-master/Arty-Z7-20-Master.xdc:14]
Resolution: If [get_<value>] was used to populate the object, check to make sure this command returns at least one valid object.
WARNING: [Vivado 12-584] No ports matched 'led0'. [C:/Users/robdj/Documents/RMIT_2021/CAP_STONE/DVI_PASSTHROUGH_CAPS/Working_HDMI_passthrough/Working_HDMI_passthrough.srcs/constrs_1/imports/digilent-xdc-master/Arty-Z7-20-Master.xdc:25]
CRITICAL WARNING: [Common 17-55] 'set_property' expects at least one object. [C:/Users/robdj/Documents/RMIT_2021/CAP_STONE/DVI_PASSTHROUGH_CAPS/Working_HDMI_passthrough/Working_HDMI_passthrough.srcs/constrs_1/imports/digilent-xdc-master/Arty-Z7-20-Master.xdc:25]
Resolution: If [get_<value>] was used to populate the object, check to make sure this command returns at least one valid object.
WARNING: [Vivado 12-584] No ports matched 'led1'. [C:/Users/robdj/Documents/RMIT_2021/CAP_STONE/DVI_PASSTHROUGH_CAPS/Working_HDMI_passthrough/Working_HDMI_passthrough.srcs/constrs_1/imports/digilent-xdc-master/Arty-Z7-20-Master.xdc:26]
CRITICAL WARNING: [Common 17-55] 'set_property' expects at least one object. [C:/Users/robdj/Documents/RMIT_2021/CAP_STONE/DVI_PASSTHROUGH_CAPS/Working_HDMI_passthrough/Working_HDMI_passthrough.srcs/constrs_1/imports/digilent-xdc-master/Arty-Z7-20-Master.xdc:26]
Resolution: If [get_<value>] was used to populate the object, check to make sure this command returns at least one valid object.
WARNING: [Vivado 12-584] No ports matched 'led2'. [C:/Users/robdj/Documents/RMIT_2021/CAP_STONE/DVI_PASSTHROUGH_CAPS/Working_HDMI_passthrough/Working_HDMI_passthrough.srcs/constrs_1/imports/digilent-xdc-master/Arty-Z7-20-Master.xdc:27]
CRITICAL WARNING: [Common 17-55] 'set_property' expects at least one object. [C:/Users/robdj/Documents/RMIT_2021/CAP_STONE/DVI_PASSTHROUGH_CAPS/Working_HDMI_passthrough/Working_HDMI_passthrough.srcs/constrs_1/imports/digilent-xdc-master/Arty-Z7-20-Master.xdc:27]
Resolution: If [get_<value>] was used to populate the object, check to make sure this command returns at least one valid object.
WARNING: [Vivado 12-584] No ports matched 'led3'. [C:/Users/robdj/Documents/RMIT_2021/CAP_STONE/DVI_PASSTHROUGH_CAPS/Working_HDMI_passthrough/Working_HDMI_passthrough.srcs/constrs_1/imports/digilent-xdc-master/Arty-Z7-20-Master.xdc:28]
CRITICAL WARNING: [Common 17-55] 'set_property' expects at least one object. [C:/Users/robdj/Documents/RMIT_2021/CAP_STONE/DVI_PASSTHROUGH_CAPS/Working_HDMI_passthrough/Working_HDMI_passthrough.srcs/constrs_1/imports/digilent-xdc-master/Arty-Z7-20-Master.xdc:28]
Resolution: If [get_<value>] was used to populate the object, check to make sure this command returns at least one valid object.
WARNING: [Vivado 12-584] No ports matched 'btn0'. [C:/Users/robdj/Documents/RMIT_2021/CAP_STONE/DVI_PASSTHROUGH_CAPS/Working_HDMI_passthrough/Working_HDMI_passthrough.srcs/constrs_1/imports/digilent-xdc-master/Arty-Z7-20-Master.xdc:31]
CRITICAL WARNING: [Common 17-55] 'set_property' expects at least one object. [C:/Users/robdj/Documents/RMIT_2021/CAP_STONE/DVI_PASSTHROUGH_CAPS/Working_HDMI_passthrough/Working_HDMI_passthrough.srcs/constrs_1/imports/digilent-xdc-master/Arty-Z7-20-Master.xdc:31]
Resolution: If [get_<value>] was used to populate the object, check to make sure this command returns at least one valid object.
WARNING: [Vivado 12-584] No ports matched 'btn1'. [C:/Users/robdj/Documents/RMIT_2021/CAP_STONE/DVI_PASSTHROUGH_CAPS/Working_HDMI_passthrough/Working_HDMI_passthrough.srcs/constrs_1/imports/digilent-xdc-master/Arty-Z7-20-Master.xdc:32]
CRITICAL WARNING: [Common 17-55] 'set_property' expects at least one object. [C:/Users/robdj/Documents/RMIT_2021/CAP_STONE/DVI_PASSTHROUGH_CAPS/Working_HDMI_passthrough/Working_HDMI_passthrough.srcs/constrs_1/imports/digilent-xdc-master/Arty-Z7-20-Master.xdc:32]
Resolution: If [get_<value>] was used to populate the object, check to make sure this command returns at least one valid object.
WARNING: [Vivado 12-584] No ports matched 'btn2'. [C:/Users/robdj/Documents/RMIT_2021/CAP_STONE/DVI_PASSTHROUGH_CAPS/Working_HDMI_passthrough/Working_HDMI_passthrough.srcs/constrs_1/imports/digilent-xdc-master/Arty-Z7-20-Master.xdc:33]
CRITICAL WARNING: [Common 17-55] 'set_property' expects at least one object. [C:/Users/robdj/Documents/RMIT_2021/CAP_STONE/DVI_PASSTHROUGH_CAPS/Working_HDMI_passthrough/Working_HDMI_passthrough.srcs/constrs_1/imports/digilent-xdc-master/Arty-Z7-20-Master.xdc:33]
Resolution: If [get_<value>] was used to populate the object, check to make sure this command returns at least one valid object.
WARNING: [Vivado 12-584] No ports matched 'btn3'. [C:/Users/robdj/Documents/RMIT_2021/CAP_STONE/DVI_PASSTHROUGH_CAPS/Working_HDMI_passthrough/Working_HDMI_passthrough.srcs/constrs_1/imports/digilent-xdc-master/Arty-Z7-20-Master.xdc:34]
CRITICAL WARNING: [Common 17-55] 'set_property' expects at least one object. [C:/Users/robdj/Documents/RMIT_2021/CAP_STONE/DVI_PASSTHROUGH_CAPS/Working_HDMI_passthrough/Working_HDMI_passthrough.srcs/constrs_1/imports/digilent-xdc-master/Arty-Z7-20-Master.xdc:34]
Resolution: If [get_<value>] was used to populate the object, check to make sure this command returns at least one valid object.
WARNING: [Vivado 12-584] No ports matched 'hdmi_rx_cec'. [C:/Users/robdj/Documents/RMIT_2021/CAP_STONE/DVI_PASSTHROUGH_CAPS/Working_HDMI_passthrough/Working_HDMI_passthrough.srcs/constrs_1/imports/digilent-xdc-master/Arty-Z7-20-Master.xdc:64]
CRITICAL WARNING: [Common 17-55] 'set_property' expects at least one object. [C:/Users/robdj/Documents/RMIT_2021/CAP_STONE/DVI_PASSTHROUGH_CAPS/Working_HDMI_passthrough/Working_HDMI_passthrough.srcs/constrs_1/imports/digilent-xdc-master/Arty-Z7-20-Master.xdc:64]
Resolution: If [get_<value>] was used to populate the object, check to make sure this command returns at least one valid object.
WARNING: [Vivado 12-584] No ports matched 'tmds_rx_clk_n_i'. [C:/Users/robdj/Documents/RMIT_2021/CAP_STONE/DVI_PASSTHROUGH_CAPS/Working_HDMI_passthrough/Working_HDMI_passthrough.srcs/constrs_1/imports/digilent-xdc-master/Arty-Z7-20-Master.xdc:65]
CRITICAL WARNING: [Common 17-55] 'set_property' expects at least one object. [C:/Users/robdj/Documents/RMIT_2021/CAP_STONE/DVI_PASSTHROUGH_CAPS/Working_HDMI_passthrough/Working_HDMI_passthrough.srcs/constrs_1/imports/digilent-xdc-master/Arty-Z7-20-Master.xdc:65]
Resolution: If [get_<value>] was used to populate the object, check to make sure this command returns at least one valid object.
WARNING: [Vivado 12-584] No ports matched 'tmds_rx_clk_p_i'. [C:/Users/robdj/Documents/RMIT_2021/CAP_STONE/DVI_PASSTHROUGH_CAPS/Working_HDMI_passthrough/Working_HDMI_passthrough.srcs/constrs_1/imports/digilent-xdc-master/Arty-Z7-20-Master.xdc:66]
CRITICAL WARNING: [Common 17-55] 'set_property' expects at least one object. [C:/Users/robdj/Documents/RMIT_2021/CAP_STONE/DVI_PASSTHROUGH_CAPS/Working_HDMI_passthrough/Working_HDMI_passthrough.srcs/constrs_1/imports/digilent-xdc-master/Arty-Z7-20-Master.xdc:66]
Resolution: If [get_<value>] was used to populate the object, check to make sure this command returns at least one valid object.
WARNING: [Vivado 12-584] No ports matched 'tmds_rx_data_n_i[0]'. [C:/Users/robdj/Documents/RMIT_2021/CAP_STONE/DVI_PASSTHROUGH_CAPS/Working_HDMI_passthrough/Working_HDMI_passthrough.srcs/constrs_1/imports/digilent-xdc-master/Arty-Z7-20-Master.xdc:67]
CRITICAL WARNING: [Common 17-55] 'set_property' expects at least one object. [C:/Users/robdj/Documents/RMIT_2021/CAP_STONE/DVI_PASSTHROUGH_CAPS/Working_HDMI_passthrough/Working_HDMI_passthrough.srcs/constrs_1/imports/digilent-xdc-master/Arty-Z7-20-Master.xdc:67]
Resolution: If [get_<value>] was used to populate the object, check to make sure this command returns at least one valid object.
WARNING: [Vivado 12-584] No ports matched 'tmds_rx_data_p_i[0]'. [C:/Users/robdj/Documents/RMIT_2021/CAP_STONE/DVI_PASSTHROUGH_CAPS/Working_HDMI_passthrough/Working_HDMI_passthrough.srcs/constrs_1/imports/digilent-xdc-master/Arty-Z7-20-Master.xdc:68]
CRITICAL WARNING: [Common 17-55] 'set_property' expects at least one object. [C:/Users/robdj/Documents/RMIT_2021/CAP_STONE/DVI_PASSTHROUGH_CAPS/Working_HDMI_passthrough/Working_HDMI_passthrough.srcs/constrs_1/imports/digilent-xdc-master/Arty-Z7-20-Master.xdc:68]
Resolution: If [get_<value>] was used to populate the object, check to make sure this command returns at least one valid object.
WARNING: [Vivado 12-584] No ports matched 'tmds_rx_data_n_i[1]'. [C:/Users/robdj/Documents/RMIT_2021/CAP_STONE/DVI_PASSTHROUGH_CAPS/Working_HDMI_passthrough/Working_HDMI_passthrough.srcs/constrs_1/imports/digilent-xdc-master/Arty-Z7-20-Master.xdc:69]
CRITICAL WARNING: [Common 17-55] 'set_property' expects at least one object. [C:/Users/robdj/Documents/RMIT_2021/CAP_STONE/DVI_PASSTHROUGH_CAPS/Working_HDMI_passthrough/Working_HDMI_passthrough.srcs/constrs_1/imports/digilent-xdc-master/Arty-Z7-20-Master.xdc:69]
Resolution: If [get_<value>] was used to populate the object, check to make sure this command returns at least one valid object.
WARNING: [Vivado 12-584] No ports matched 'tmds_rx_data_p_i[1]'. [C:/Users/robdj/Documents/RMIT_2021/CAP_STONE/DVI_PASSTHROUGH_CAPS/Working_HDMI_passthrough/Working_HDMI_passthrough.srcs/constrs_1/imports/digilent-xdc-master/Arty-Z7-20-Master.xdc:70]
CRITICAL WARNING: [Common 17-55] 'set_property' expects at least one object. [C:/Users/robdj/Documents/RMIT_2021/CAP_STONE/DVI_PASSTHROUGH_CAPS/Working_HDMI_passthrough/Working_HDMI_passthrough.srcs/constrs_1/imports/digilent-xdc-master/Arty-Z7-20-Master.xdc:70]
Resolution: If [get_<value>] was used to populate the object, check to make sure this command returns at least one valid object.
WARNING: [Vivado 12-584] No ports matched 'tmds_rx_data_n_i[2]'. [C:/Users/robdj/Documents/RMIT_2021/CAP_STONE/DVI_PASSTHROUGH_CAPS/Working_HDMI_passthrough/Working_HDMI_passthrough.srcs/constrs_1/imports/digilent-xdc-master/Arty-Z7-20-Master.xdc:71]
CRITICAL WARNING: [Common 17-55] 'set_property' expects at least one object. [C:/Users/robdj/Documents/RMIT_2021/CAP_STONE/DVI_PASSTHROUGH_CAPS/Working_HDMI_passthrough/Working_HDMI_passthrough.srcs/constrs_1/imports/digilent-xdc-master/Arty-Z7-20-Master.xdc:71]
Resolution: If [get_<value>] was used to populate the object, check to make sure this command returns at least one valid object.
WARNING: [Vivado 12-584] No ports matched 'tmds_rx_data_p_i[2]'. [C:/Users/robdj/Documents/RMIT_2021/CAP_STONE/DVI_PASSTHROUGH_CAPS/Working_HDMI_passthrough/Working_HDMI_passthrough.srcs/constrs_1/imports/digilent-xdc-master/Arty-Z7-20-Master.xdc:72]
CRITICAL WARNING: [Common 17-55] 'set_property' expects at least one object. [C:/Users/robdj/Documents/RMIT_2021/CAP_STONE/DVI_PASSTHROUGH_CAPS/Working_HDMI_passthrough/Working_HDMI_passthrough.srcs/constrs_1/imports/digilent-xdc-master/Arty-Z7-20-Master.xdc:72]
Resolution: If [get_<value>] was used to populate the object, check to make sure this command returns at least one valid object.
WARNING: [Vivado 12-584] No ports matched 'hdmi_rx_hpd_o'. [C:/Users/robdj/Documents/RMIT_2021/CAP_STONE/DVI_PASSTHROUGH_CAPS/Working_HDMI_passthrough/Working_HDMI_passthrough.srcs/constrs_1/imports/digilent-xdc-master/Arty-Z7-20-Master.xdc:73]
CRITICAL WARNING: [Common 17-55] 'set_property' expects at least one object. [C:/Users/robdj/Documents/RMIT_2021/CAP_STONE/DVI_PASSTHROUGH_CAPS/Working_HDMI_passthrough/Working_HDMI_passthrough.srcs/constrs_1/imports/digilent-xdc-master/Arty-Z7-20-Master.xdc:73]
Resolution: If [get_<value>] was used to populate the object, check to make sure this command returns at least one valid object.
WARNING: [Vivado 12-584] No ports matched 'scl_io'. [C:/Users/robdj/Documents/RMIT_2021/CAP_STONE/DVI_PASSTHROUGH_CAPS/Working_HDMI_passthrough/Working_HDMI_passthrough.srcs/constrs_1/imports/digilent-xdc-master/Arty-Z7-20-Master.xdc:74]
CRITICAL WARNING: [Common 17-55] 'set_property' expects at least one object. [C:/Users/robdj/Documents/RMIT_2021/CAP_STONE/DVI_PASSTHROUGH_CAPS/Working_HDMI_passthrough/Working_HDMI_passthrough.srcs/constrs_1/imports/digilent-xdc-master/Arty-Z7-20-Master.xdc:74]
Resolution: If [get_<value>] was used to populate the object, check to make sure this command returns at least one valid object.
WARNING: [Vivado 12-584] No ports matched 'sda_io'. [C:/Users/robdj/Documents/RMIT_2021/CAP_STONE/DVI_PASSTHROUGH_CAPS/Working_HDMI_passthrough/Working_HDMI_passthrough.srcs/constrs_1/imports/digilent-xdc-master/Arty-Z7-20-Master.xdc:75]
CRITICAL WARNING: [Common 17-55] 'set_property' expects at least one object. [C:/Users/robdj/Documents/RMIT_2021/CAP_STONE/DVI_PASSTHROUGH_CAPS/Working_HDMI_passthrough/Working_HDMI_passthrough.srcs/constrs_1/imports/digilent-xdc-master/Arty-Z7-20-Master.xdc:75]
Resolution: If [get_<value>] was used to populate the object, check to make sure this command returns at least one valid object.
WARNING: [Vivado 12-584] No ports matched 'hdmi_tx_cec'. [C:/Users/robdj/Documents/RMIT_2021/CAP_STONE/DVI_PASSTHROUGH_CAPS/Working_HDMI_passthrough/Working_HDMI_passthrough.srcs/constrs_1/imports/digilent-xdc-master/Arty-Z7-20-Master.xdc:78]
CRITICAL WARNING: [Common 17-55] 'set_property' expects at least one object. [C:/Users/robdj/Documents/RMIT_2021/CAP_STONE/DVI_PASSTHROUGH_CAPS/Working_HDMI_passthrough/Working_HDMI_passthrough.srcs/constrs_1/imports/digilent-xdc-master/Arty-Z7-20-Master.xdc:78]
Resolution: If [get_<value>] was used to populate the object, check to make sure this command returns at least one valid object.
WARNING: [Vivado 12-584] No ports matched 'tmds_tx_clk_n_o'. [C:/Users/robdj/Documents/RMIT_2021/CAP_STONE/DVI_PASSTHROUGH_CAPS/Working_HDMI_passthrough/Working_HDMI_passthrough.srcs/constrs_1/imports/digilent-xdc-master/Arty-Z7-20-Master.xdc:79]
CRITICAL WARNING: [Common 17-55] 'set_property' expects at least one object. [C:/Users/robdj/Documents/RMIT_2021/CAP_STONE/DVI_PASSTHROUGH_CAPS/Working_HDMI_passthrough/Working_HDMI_passthrough.srcs/constrs_1/imports/digilent-xdc-master/Arty-Z7-20-Master.xdc:79]
Resolution: If [get_<value>] was used to populate the object, check to make sure this command returns at least one valid object.
WARNING: [Vivado 12-584] No ports matched 'tmds_tx_clk_p_o'. [C:/Users/robdj/Documents/RMIT_2021/CAP_STONE/DVI_PASSTHROUGH_CAPS/Working_HDMI_passthrough/Working_HDMI_passthrough.srcs/constrs_1/imports/digilent-xdc-master/Arty-Z7-20-Master.xdc:80]
CRITICAL WARNING: [Common 17-55] 'set_property' expects at least one object. [C:/Users/robdj/Documents/RMIT_2021/CAP_STONE/DVI_PASSTHROUGH_CAPS/Working_HDMI_passthrough/Working_HDMI_passthrough.srcs/constrs_1/imports/digilent-xdc-master/Arty-Z7-20-Master.xdc:80]
Resolution: If [get_<value>] was used to populate the object, check to make sure this command returns at least one valid object.
WARNING: [Vivado 12-584] No ports matched 'tmds_tx_data_n_o[0]'. [C:/Users/robdj/Documents/RMIT_2021/CAP_STONE/DVI_PASSTHROUGH_CAPS/Working_HDMI_passthrough/Working_HDMI_passthrough.srcs/constrs_1/imports/digilent-xdc-master/Arty-Z7-20-Master.xdc:81]
CRITICAL WARNING: [Common 17-55] 'set_property' expects at least one object. [C:/Users/robdj/Documents/RMIT_2021/CAP_STONE/DVI_PASSTHROUGH_CAPS/Working_HDMI_passthrough/Working_HDMI_passthrough.srcs/constrs_1/imports/digilent-xdc-master/Arty-Z7-20-Master.xdc:81]
Resolution: If [get_<value>] was used to populate the object, check to make sure this command returns at least one valid object.
WARNING: [Vivado 12-584] No ports matched 'tmds_tx_data_p_o[0]'. [C:/Users/robdj/Documents/RMIT_2021/CAP_STONE/DVI_PASSTHROUGH_CAPS/Working_HDMI_passthrough/Working_HDMI_passthrough.srcs/constrs_1/imports/digilent-xdc-master/Arty-Z7-20-Master.xdc:82]
CRITICAL WARNING: [Common 17-55] 'set_property' expects at least one object. [C:/Users/robdj/Documents/RMIT_2021/CAP_STONE/DVI_PASSTHROUGH_CAPS/Working_HDMI_passthrough/Working_HDMI_passthrough.srcs/constrs_1/imports/digilent-xdc-master/Arty-Z7-20-Master.xdc:82]
Resolution: If [get_<value>] was used to populate the object, check to make sure this command returns at least one valid object.
WARNING: [Vivado 12-584] No ports matched 'tmds_tx_data_n_o[1]'. [C:/Users/robdj/Documents/RMIT_2021/CAP_STONE/DVI_PASSTHROUGH_CAPS/Working_HDMI_passthrough/Working_HDMI_passthrough.srcs/constrs_1/imports/digilent-xdc-master/Arty-Z7-20-Master.xdc:83]
CRITICAL WARNING: [Common 17-55] 'set_property' expects at least one object. [C:/Users/robdj/Documents/RMIT_2021/CAP_STONE/DVI_PASSTHROUGH_CAPS/Working_HDMI_passthrough/Working_HDMI_passthrough.srcs/constrs_1/imports/digilent-xdc-master/Arty-Z7-20-Master.xdc:83]
Resolution: If [get_<value>] was used to populate the object, check to make sure this command returns at least one valid object.
WARNING: [Vivado 12-584] No ports matched 'tmds_tx_data_p_o[1]'. [C:/Users/robdj/Documents/RMIT_2021/CAP_STONE/DVI_PASSTHROUGH_CAPS/Working_HDMI_passthrough/Working_HDMI_passthrough.srcs/constrs_1/imports/digilent-xdc-master/Arty-Z7-20-Master.xdc:84]
CRITICAL WARNING: [Common 17-55] 'set_property' expects at least one object. [C:/Users/robdj/Documents/RMIT_2021/CAP_STONE/DVI_PASSTHROUGH_CAPS/Working_HDMI_passthrough/Working_HDMI_passthrough.srcs/constrs_1/imports/digilent-xdc-master/Arty-Z7-20-Master.xdc:84]
Resolution: If [get_<value>] was used to populate the object, check to make sure this command returns at least one valid object.
WARNING: [Vivado 12-584] No ports matched 'tmds_tx_data_n_o[2]'. [C:/Users/robdj/Documents/RMIT_2021/CAP_STONE/DVI_PASSTHROUGH_CAPS/Working_HDMI_passthrough/Working_HDMI_passthrough.srcs/constrs_1/imports/digilent-xdc-master/Arty-Z7-20-Master.xdc:85]
CRITICAL WARNING: [Common 17-55] 'set_property' expects at least one object. [C:/Users/robdj/Documents/RMIT_2021/CAP_STONE/DVI_PASSTHROUGH_CAPS/Working_HDMI_passthrough/Working_HDMI_passthrough.srcs/constrs_1/imports/digilent-xdc-master/Arty-Z7-20-Master.xdc:85]
Resolution: If [get_<value>] was used to populate the object, check to make sure this command returns at least one valid object.
WARNING: [Vivado 12-584] No ports matched 'tmds_tx_data_p_o[2]'. [C:/Users/robdj/Documents/RMIT_2021/CAP_STONE/DVI_PASSTHROUGH_CAPS/Working_HDMI_passthrough/Working_HDMI_passthrough.srcs/constrs_1/imports/digilent-xdc-master/Arty-Z7-20-Master.xdc:86]
CRITICAL WARNING: [Common 17-55] 'set_property' expects at least one object. [C:/Users/robdj/Documents/RMIT_2021/CAP_STONE/DVI_PASSTHROUGH_CAPS/Working_HDMI_passthrough/Working_HDMI_passthrough.srcs/constrs_1/imports/digilent-xdc-master/Arty-Z7-20-Master.xdc:86]
Resolution: If [get_<value>] was used to populate the object, check to make sure this command returns at least one valid object.
WARNING: [Vivado 12-584] No ports matched 'hdmi_tx_hpdn'. [C:/Users/robdj/Documents/RMIT_2021/CAP_STONE/DVI_PASSTHROUGH_CAPS/Working_HDMI_passthrough/Working_HDMI_passthrough.srcs/constrs_1/imports/digilent-xdc-master/Arty-Z7-20-Master.xdc:87]
CRITICAL WARNING: [Common 17-55] 'set_property' expects at least one object. [C:/Users/robdj/Documents/RMIT_2021/CAP_STONE/DVI_PASSTHROUGH_CAPS/Working_HDMI_passthrough/Working_HDMI_passthrough.srcs/constrs_1/imports/digilent-xdc-master/Arty-Z7-20-Master.xdc:87]
Resolution: If [get_<value>] was used to populate the object, check to make sure this command returns at least one valid object.
WARNING: [Vivado 12-584] No ports matched 'hdmi_tx_scl'. [C:/Users/robdj/Documents/RMIT_2021/CAP_STONE/DVI_PASSTHROUGH_CAPS/Working_HDMI_passthrough/Working_HDMI_passthrough.srcs/constrs_1/imports/digilent-xdc-master/Arty-Z7-20-Master.xdc:88]
CRITICAL WARNING: [Common 17-55] 'set_property' expects at least one object. [C:/Users/robdj/Documents/RMIT_2021/CAP_STONE/DVI_PASSTHROUGH_CAPS/Working_HDMI_passthrough/Working_HDMI_passthrough.srcs/constrs_1/imports/digilent-xdc-master/Arty-Z7-20-Master.xdc:88]
Resolution: If [get_<value>] was used to populate the object, check to make sure this command returns at least one valid object.
WARNING: [Vivado 12-584] No ports matched 'hdmi_tx_sda'. [C:/Users/robdj/Documents/RMIT_2021/CAP_STONE/DVI_PASSTHROUGH_CAPS/Working_HDMI_passthrough/Working_HDMI_passthrough.srcs/constrs_1/imports/digilent-xdc-master/Arty-Z7-20-Master.xdc:89]
CRITICAL WARNING: [Common 17-55] 'set_property' expects at least one object. [C:/Users/robdj/Documents/RMIT_2021/CAP_STONE/DVI_PASSTHROUGH_CAPS/Working_HDMI_passthrough/Working_HDMI_passthrough.srcs/constrs_1/imports/digilent-xdc-master/Arty-Z7-20-Master.xdc:89]
Resolution: If [get_<value>] was used to populate the object, check to make sure this command returns at least one valid object.
WARNING: [Vivado 12-507] No nets matched 'led2_OBUF'. [C:/Users/robdj/Documents/RMIT_2021/CAP_STONE/DVI_PASSTHROUGH_CAPS/Working_HDMI_passthrough/Working_HDMI_passthrough.srcs/constrs_1/imports/digilent-xdc-master/Arty-Z7-20-Master.xdc:189]
CRITICAL WARNING: [Common 17-55] 'set_property' expects at least one object. [C:/Users/robdj/Documents/RMIT_2021/CAP_STONE/DVI_PASSTHROUGH_CAPS/Working_HDMI_passthrough/Working_HDMI_passthrough.srcs/constrs_1/imports/digilent-xdc-master/Arty-Z7-20-Master.xdc:189]
Resolution: If [get_<value>] was used to populate the object, check to make sure this command returns at least one valid object.
WARNING: [Vivado 12-507] No nets matched 'led_control/fade_up_down/cnt[0]'. [C:/Users/robdj/Documents/RMIT_2021/CAP_STONE/DVI_PASSTHROUGH_CAPS/Working_HDMI_passthrough/Working_HDMI_passthrough.srcs/constrs_1/imports/digilent-xdc-master/Arty-Z7-20-Master.xdc:190]
CRITICAL WARNING: [Common 17-55] 'set_property' expects at least one object. [C:/Users/robdj/Documents/RMIT_2021/CAP_STONE/DVI_PASSTHROUGH_CAPS/Working_HDMI_passthrough/Working_HDMI_passthrough.srcs/constrs_1/imports/digilent-xdc-master/Arty-Z7-20-Master.xdc:190]
Resolution: If [get_<value>] was used to populate the object, check to make sure this command returns at least one valid object.
WARNING: [Vivado 12-507] No nets matched 'led_control/fade_up_down/cnt[1]'. [C:/Users/robdj/Documents/RMIT_2021/CAP_STONE/DVI_PASSTHROUGH_CAPS/Working_HDMI_passthrough/Working_HDMI_passthrough.srcs/constrs_1/imports/digilent-xdc-master/Arty-Z7-20-Master.xdc:191]
CRITICAL WARNING: [Common 17-55] 'set_property' expects at least one object. [C:/Users/robdj/Documents/RMIT_2021/CAP_STONE/DVI_PASSTHROUGH_CAPS/Working_HDMI_passthrough/Working_HDMI_passthrough.srcs/constrs_1/imports/digilent-xdc-master/Arty-Z7-20-Master.xdc:191]
Resolution: If [get_<value>] was used to populate the object, check to make sure this command returns at least one valid object.
WARNING: [Vivado 12-507] No nets matched 'led_control/fade_up_down/cnt[2]'. [C:/Users/robdj/Documents/RMIT_2021/CAP_STONE/DVI_PASSTHROUGH_CAPS/Working_HDMI_passthrough/Working_HDMI_passthrough.srcs/constrs_1/imports/digilent-xdc-master/Arty-Z7-20-Master.xdc:192]
CRITICAL WARNING: [Common 17-55] 'set_property' expects at least one object. [C:/Users/robdj/Documents/RMIT_2021/CAP_STONE/DVI_PASSTHROUGH_CAPS/Working_HDMI_passthrough/Working_HDMI_passthrough.srcs/constrs_1/imports/digilent-xdc-master/Arty-Z7-20-Master.xdc:192]
Resolution: If [get_<value>] was used to populate the object, check to make sure this command returns at least one valid object.
WARNING: [Vivado 12-507] No nets matched 'led_control/fade_up_down/cnt[3]'. [C:/Users/robdj/Documents/RMIT_2021/CAP_STONE/DVI_PASSTHROUGH_CAPS/Working_HDMI_passthrough/Working_HDMI_passthrough.srcs/constrs_1/imports/digilent-xdc-master/Arty-Z7-20-Master.xdc:193]
CRITICAL WARNING: [Common 17-55] 'set_property' expects at least one object. [C:/Users/robdj/Documents/RMIT_2021/CAP_STONE/DVI_PASSTHROUGH_CAPS/Working_HDMI_passthrough/Working_HDMI_passthrough.srcs/constrs_1/imports/digilent-xdc-master/Arty-Z7-20-Master.xdc:193]
Resolution: If [get_<value>] was used to populate the object, check to make sure this command returns at least one valid object.
WARNING: [Vivado 12-507] No nets matched 'led_control/fade_up_down/cnt[4]'. [C:/Users/robdj/Documents/RMIT_2021/CAP_STONE/DVI_PASSTHROUGH_CAPS/Working_HDMI_passthrough/Working_HDMI_passthrough.srcs/constrs_1/imports/digilent-xdc-master/Arty-Z7-20-Master.xdc:194]
CRITICAL WARNING: [Common 17-55] 'set_property' expects at least one object. [C:/Users/robdj/Documents/RMIT_2021/CAP_STONE/DVI_PASSTHROUGH_CAPS/Working_HDMI_passthrough/Working_HDMI_passthrough.srcs/constrs_1/imports/digilent-xdc-master/Arty-Z7-20-Master.xdc:194]
Resolution: If [get_<value>] was used to populate the object, check to make sure this command returns at least one valid object.
WARNING: [Vivado 12-507] No nets matched 'led_control/fade_up_down/cnt[5]'. [C:/Users/robdj/Documents/RMIT_2021/CAP_STONE/DVI_PASSTHROUGH_CAPS/Working_HDMI_passthrough/Working_HDMI_passthrough.srcs/constrs_1/imports/digilent-xdc-master/Arty-Z7-20-Master.xdc:195]
CRITICAL WARNING: [Common 17-55] 'set_property' expects at least one object. [C:/Users/robdj/Documents/RMIT_2021/CAP_STONE/DVI_PASSTHROUGH_CAPS/Working_HDMI_passthrough/Working_HDMI_passthrough.srcs/constrs_1/imports/digilent-xdc-master/Arty-Z7-20-Master.xdc:195]
Resolution: If [get_<value>] was used to populate the object, check to make sure this command returns at least one valid object.
WARNING: [Vivado 12-507] No nets matched 'led_control/fade_up_down/cnt[6]'. [C:/Users/robdj/Documents/RMIT_2021/CAP_STONE/DVI_PASSTHROUGH_CAPS/Working_HDMI_passthrough/Working_HDMI_passthrough.srcs/constrs_1/imports/digilent-xdc-master/Arty-Z7-20-Master.xdc:196]
CRITICAL WARNING: [Common 17-55] 'set_property' expects at least one object. [C:/Users/robdj/Documents/RMIT_2021/CAP_STONE/DVI_PASSTHROUGH_CAPS/Working_HDMI_passthrough/Working_HDMI_passthrough.srcs/constrs_1/imports/digilent-xdc-master/Arty-Z7-20-Master.xdc:196]
Resolution: If [get_<value>] was used to populate the object, check to make sure this command returns at least one valid object.
WARNING: [Vivado 12-507] No nets matched 'led_control/fade_up_down/cnt[7]'. [C:/Users/robdj/Documents/RMIT_2021/CAP_STONE/DVI_PASSTHROUGH_CAPS/Working_HDMI_passthrough/Working_HDMI_passthrough.srcs/constrs_1/imports/digilent-xdc-master/Arty-Z7-20-Master.xdc:197]
CRITICAL WARNING: [Common 17-55] 'set_property' expects at least one object. [C:/Users/robdj/Documents/RMIT_2021/CAP_STONE/DVI_PASSTHROUGH_CAPS/Working_HDMI_passthrough/Working_HDMI_passthrough.srcs/constrs_1/imports/digilent-xdc-master/Arty-Z7-20-Master.xdc:197]
Resolution: If [get_<value>] was used to populate the object, check to make sure this command returns at least one valid object.
Finished Parsing XDC File [C:/Users/robdj/Documents/RMIT_2021/CAP_STONE/DVI_PASSTHROUGH_CAPS/Working_HDMI_passthrough/Working_HDMI_passthrough.srcs/constrs_1/imports/digilent-xdc-master/Arty-Z7-20-Master.xdc]
INFO: [Opt 31-138] Pushed 0 inverter(s) to 0 load pin(s).
Netlist sorting complete. Time (s): cpu = 00:00:00 ; elapsed = 00:00:00 . Memory (MB): peak = 1640.266 ; gain = 0.000
INFO: [Project 1-111] Unisim Transformation Summary:
No Unisim elements were transformed.

open_run: Time (s): cpu = 00:00:13 ; elapsed = 00:00:07 . Memory (MB): peak = 1640.266 ; gain = 0.000
exit
INFO: [Common 17-206] Exiting Vivado at Sat Jun 26 18:00:14 2021...
