INFO: [VRFC 10-163] Analyzing VHDL file "C:/Users/robdj/Desktop/hdmi_pass_through_ZyboZ7-10-master/dvi_pass_verilog/dvi_pass_verilog.ip_user_files/ipstatic/src/ClockGen.vhd" into library xil_defaultlib
INFO: [VRFC 10-3107] analyzing entity 'ClockGen'
INFO: [VRFC 10-163] Analyzing VHDL file "C:/Users/robdj/Desktop/hdmi_pass_through_ZyboZ7-10-master/dvi_pass_verilog/dvi_pass_verilog.ip_user_files/ipstatic/src/SyncAsync.vhd" into library xil_defaultlib
INFO: [VRFC 10-3107] analyzing entity 'SyncAsync'
INFO: [VRFC 10-163] Analyzing VHDL file "C:/Users/robdj/Desktop/hdmi_pass_through_ZyboZ7-10-master/dvi_pass_verilog/dvi_pass_verilog.ip_user_files/ipstatic/src/SyncAsyncReset.vhd" into library xil_defaultlib
INFO: [VRFC 10-3107] analyzing entity 'ResetBridge'
INFO: [VRFC 10-163] Analyzing VHDL file "C:/Users/robdj/Desktop/hdmi_pass_through_ZyboZ7-10-master/dvi_pass_verilog/dvi_pass_verilog.ip_user_files/ipstatic/src/DVI_Constants.vhd" into library xil_defaultlib
INFO: [VRFC 10-163] Analyzing VHDL file "C:/Users/robdj/Desktop/hdmi_pass_through_ZyboZ7-10-master/dvi_pass_verilog/dvi_pass_verilog.ip_user_files/ipstatic/src/OutputSERDES.vhd" into library xil_defaultlib
INFO: [VRFC 10-3107] analyzing entity 'OutputSERDES'
INFO: [VRFC 10-163] Analyzing VHDL file "C:/Users/robdj/Desktop/hdmi_pass_through_ZyboZ7-10-master/dvi_pass_verilog/dvi_pass_verilog.ip_user_files/ipstatic/src/TMDS_Encoder.vhd" into library xil_defaultlib
INFO: [VRFC 10-3107] analyzing entity 'TMDS_Encoder'
INFO: [VRFC 10-163] Analyzing VHDL file "C:/Users/robdj/Desktop/hdmi_pass_through_ZyboZ7-10-master/dvi_pass_verilog/dvi_pass_verilog.ip_user_files/ipstatic/src/rgb2dvi.vhd" into library xil_defaultlib
INFO: [VRFC 10-3107] analyzing entity 'rgb2dvi'
INFO: [VRFC 10-163] Analyzing VHDL file "C:/Users/robdj/Desktop/hdmi_pass_through_ZyboZ7-10-master/dvi_pass_verilog/dvi_pass_verilog.gen/sources_1/ip/rgb2dvi_0/sim/rgb2dvi_0.vhd" into library xil_defaultlib
INFO: [VRFC 10-3107] analyzing entity 'rgb2dvi_0'
INFO: [VRFC 10-163] Analyzing VHDL file "C:/Users/robdj/Desktop/hdmi_pass_through_ZyboZ7-10-master/dvi_pass_verilog/dvi_pass_verilog.ip_user_files/ipstatic/src/ChannelBond.vhd" into library xil_defaultlib
INFO: [VRFC 10-3107] analyzing entity 'ChannelBond'
INFO: [VRFC 10-163] Analyzing VHDL file "C:/Users/robdj/Desktop/hdmi_pass_through_ZyboZ7-10-master/dvi_pass_verilog/dvi_pass_verilog.ip_user_files/ipstatic/src/GlitchFilter.vhd" into library xil_defaultlib
INFO: [VRFC 10-3107] analyzing entity 'GlitchFilter'
INFO: [VRFC 10-163] Analyzing VHDL file "C:/Users/robdj/Desktop/hdmi_pass_through_ZyboZ7-10-master/dvi_pass_verilog/dvi_pass_verilog.ip_user_files/ipstatic/src/TWI_SlaveCtl.vhd" into library xil_defaultlib
INFO: [VRFC 10-3107] analyzing entity 'TWI_SlaveCtl'
INFO: [VRFC 10-163] Analyzing VHDL file "C:/Users/robdj/Desktop/hdmi_pass_through_ZyboZ7-10-master/dvi_pass_verilog/dvi_pass_verilog.ip_user_files/ipstatic/src/EEPROM_8b.vhd" into library xil_defaultlib
INFO: [VRFC 10-3107] analyzing entity 'EEPROM_8b'
INFO: [VRFC 10-163] Analyzing VHDL file "C:/Users/robdj/Desktop/hdmi_pass_through_ZyboZ7-10-master/dvi_pass_verilog/dvi_pass_verilog.ip_user_files/ipstatic/src/InputSERDES.vhd" into library xil_defaultlib
INFO: [VRFC 10-3107] analyzing entity 'InputSERDES'
INFO: [VRFC 10-163] Analyzing VHDL file "C:/Users/robdj/Desktop/hdmi_pass_through_ZyboZ7-10-master/dvi_pass_verilog/dvi_pass_verilog.ip_user_files/ipstatic/src/PhaseAlign.vhd" into library xil_defaultlib
INFO: [VRFC 10-3107] analyzing entity 'PhaseAlign'
INFO: [VRFC 10-163] Analyzing VHDL file "C:/Users/robdj/Desktop/hdmi_pass_through_ZyboZ7-10-master/dvi_pass_verilog/dvi_pass_verilog.ip_user_files/ipstatic/src/ResyncToBUFG.vhd" into library xil_defaultlib
INFO: [VRFC 10-3107] analyzing entity 'ResyncToBUFG'
INFO: [VRFC 10-163] Analyzing VHDL file "C:/Users/robdj/Desktop/hdmi_pass_through_ZyboZ7-10-master/dvi_pass_verilog/dvi_pass_verilog.ip_user_files/ipstatic/src/SyncBase.vhd" into library xil_defaultlib
INFO: [VRFC 10-3107] analyzing entity 'SyncBase'
INFO: [VRFC 10-163] Analyzing VHDL file "C:/Users/robdj/Desktop/hdmi_pass_through_ZyboZ7-10-master/dvi_pass_verilog/dvi_pass_verilog.ip_user_files/ipstatic/src/TMDS_Clocking.vhd" into library xil_defaultlib
INFO: [VRFC 10-3107] analyzing entity 'TMDS_Clocking'
WARNING: [VRFC 10-3093] actual for formal port 'arst' is neither a static name nor a globally static expression [C:/Users/robdj/Desktop/hdmi_pass_through_ZyboZ7-10-master/dvi_pass_verilog/dvi_pass_verilog.ip_user_files/ipstatic/src/TMDS_Clocking.vhd:135]
INFO: [VRFC 10-163] Analyzing VHDL file "C:/Users/robdj/Desktop/hdmi_pass_through_ZyboZ7-10-master/dvi_pass_verilog/dvi_pass_verilog.ip_user_files/ipstatic/src/TMDS_Decoder.vhd" into library xil_defaultlib
INFO: [VRFC 10-3107] analyzing entity 'TMDS_Decoder'
INFO: [VRFC 10-163] Analyzing VHDL file "C:/Users/robdj/Desktop/hdmi_pass_through_ZyboZ7-10-master/dvi_pass_verilog/dvi_pass_verilog.ip_user_files/ipstatic/src/dvi2rgb.vhd" into library xil_defaultlib
INFO: [VRFC 10-3107] analyzing entity 'dvi2rgb'
WARNING: [VRFC 10-3093] actual for formal port 'arst' is neither a static name nor a globally static expression [C:/Users/robdj/Desktop/hdmi_pass_through_ZyboZ7-10-master/dvi_pass_verilog/dvi_pass_verilog.ip_user_files/ipstatic/src/dvi2rgb.vhd:212]
WARNING: [VRFC 10-3093] actual for formal port 'potherchrdy' is neither a static name nor a globally static expression [C:/Users/robdj/Desktop/hdmi_pass_through_ZyboZ7-10-master/dvi_pass_verilog/dvi_pass_verilog.ip_user_files/ipstatic/src/dvi2rgb.vhd:244]
WARNING: [VRFC 10-3093] actual for formal port 'potherchvld' is neither a static name nor a globally static expression [C:/Users/robdj/Desktop/hdmi_pass_through_ZyboZ7-10-master/dvi_pass_verilog/dvi_pass_verilog.ip_user_files/ipstatic/src/dvi2rgb.vhd:245]
INFO: [VRFC 10-163] Analyzing VHDL file "C:/Users/robdj/Desktop/hdmi_pass_through_ZyboZ7-10-master/dvi_pass_verilog/dvi_pass_verilog.gen/sources_1/ip/dvi2rgb_1/sim/dvi2rgb_1.vhd" into library xil_defaultlib
INFO: [VRFC 10-3107] analyzing entity 'dvi2rgb_1'
INFO: [VRFC 10-163] Analyzing VHDL file "C:/Users/robdj/Desktop/hdmi_pass_through_ZyboZ7-10-master/dvi_pass_verilog/dvi_pass_verilog.srcs/sources_1/imports/hdmi_pass_through_ZyboZ7-10-master/hdmi_pass_top.vhd" into library xil_defaultlib
INFO: [VRFC 10-3107] analyzing entity 'hdmi_pass_top'
