
*** Running vivado
    with args -log colourise.vds -m64 -product Vivado -mode batch -messageDb vivado.pb -notrace -source colourise.tcl



****** Vivado v2020.2 (64-bit)
  **** SW Build 3064766 on Wed Nov 18 09:12:45 MST 2020
  **** IP Build 3064653 on Wed Nov 18 14:17:31 MST 2020
    ** Copyright 1986-2020 Xilinx, Inc. All Rights Reserved.

source colourise.tcl -notrace
INFO: [IP_Flow 19-234] Refreshing IP repositories
INFO: [IP_Flow 19-1700] Loaded user IP repository 'c:/Users/robdj/Documents/RMIT_2021/CAP_STONE/DIGILENT_LIB/vivado-library-master'.
INFO: [IP_Flow 19-2313] Loaded Vivado IP repository 'C:/Xilinx/Vivado/2020.2/data/ip'.
WARNING: [IP_Flow 19-4995] The host OS only allows 260 characters in a normal path. The IP cache path is more than 80 characters. If you experience issues with IP caching, please consider changing the IP cache to a location with a shorter path. Alternately consider using the OS subst command to map part of the path to a drive letter. 
Current IP cache path is c:/Users/robdj/Documents/RMIT_2021/CAP_STONE/DVI_PASSTHROUGH_CAPS/Working_HDMI_passthrough/Working_HDMI_passthrough.cache/ip 
Command: synth_design -top colourise -part xc7z020clg400-1
Starting synth_design
Attempting to get a license for feature 'Synthesis' and/or device 'xc7z020'
INFO: [Common 17-349] Got license for feature 'Synthesis' and/or device 'xc7z020'
INFO: [Device 21-403] Loading part xc7z020clg400-1
INFO: [Synth 8-7079] Multithreading enabled for synth_design using a maximum of 2 processes.
INFO: [Synth 8-7078] Launching helper process for spawning children vivado processes
INFO: [Synth 8-7075] Helper process launched with PID 15280
---------------------------------------------------------------------------------
Starting RTL Elaboration : Time (s): cpu = 00:00:05 ; elapsed = 00:00:05 . Memory (MB): peak = 1112.680 ; gain = 0.000
---------------------------------------------------------------------------------
INFO: [Synth 8-6157] synthesizing module 'colourise' [C:/Users/robdj/Documents/RMIT_2021/CAP_STONE/DVI_PASSTHROUGH_CAPS/Working_HDMI_passthrough/Working_HDMI_passthrough.srcs/sources_1/new/colourise.v:23]
INFO: [Synth 8-155] case statement is not full and has no default [C:/Users/robdj/Documents/RMIT_2021/CAP_STONE/DVI_PASSTHROUGH_CAPS/Working_HDMI_passthrough/Working_HDMI_passthrough.srcs/sources_1/new/colourise.v:35]
INFO: [Synth 8-6155] done synthesizing module 'colourise' (1#1) [C:/Users/robdj/Documents/RMIT_2021/CAP_STONE/DVI_PASSTHROUGH_CAPS/Working_HDMI_passthrough/Working_HDMI_passthrough.srcs/sources_1/new/colourise.v:23]
---------------------------------------------------------------------------------
Finished RTL Elaboration : Time (s): cpu = 00:00:06 ; elapsed = 00:00:07 . Memory (MB): peak = 1152.234 ; gain = 39.555
---------------------------------------------------------------------------------
---------------------------------------------------------------------------------
Start Handling Custom Attributes
---------------------------------------------------------------------------------
---------------------------------------------------------------------------------
Finished Handling Custom Attributes : Time (s): cpu = 00:00:07 ; elapsed = 00:00:07 . Memory (MB): peak = 1152.234 ; gain = 39.555
---------------------------------------------------------------------------------
---------------------------------------------------------------------------------
Finished RTL Optimization Phase 1 : Time (s): cpu = 00:00:07 ; elapsed = 00:00:07 . Memory (MB): peak = 1152.234 ; gain = 39.555
---------------------------------------------------------------------------------
Netlist sorting complete. Time (s): cpu = 00:00:00 ; elapsed = 00:00:00.003 . Memory (MB): peak = 1152.234 ; gain = 0.000
INFO: [Project 1-570] Preparing netlist for logic optimization

Processing XDC Constraints
Initializing timing engine
Parsing XDC File [C:/Users/robdj/Documents/RMIT_2021/CAP_STONE/DVI_PASSTHROUGH_CAPS/Working_HDMI_passthrough/Working_HDMI_passthrough.srcs/constrs_1/imports/digilent-xdc-master/Arty-Z7-20-Master.xdc]
WARNING: [Vivado 12-584] No ports matched 'sysclk_i'. [C:/Users/robdj/Documents/RMIT_2021/CAP_STONE/DVI_PASSTHROUGH_CAPS/Working_HDMI_passthrough/Working_HDMI_passthrough.srcs/constrs_1/imports/digilent-xdc-master/Arty-Z7-20-Master.xdc:7]
CRITICAL WARNING: [Common 17-55] 'set_property' expects at least one object. [C:/Users/robdj/Documents/RMIT_2021/CAP_STONE/DVI_PASSTHROUGH_CAPS/Working_HDMI_passthrough/Working_HDMI_passthrough.srcs/constrs_1/imports/digilent-xdc-master/Arty-Z7-20-Master.xdc:7]
Resolution: If [get_<value>] was used to populate the object, check to make sure this command returns at least one valid object.
WARNING: [Vivado 12-584] No ports matched 'sysclk_i'. [C:/Users/robdj/Documents/RMIT_2021/CAP_STONE/DVI_PASSTHROUGH_CAPS/Working_HDMI_passthrough/Working_HDMI_passthrough.srcs/constrs_1/imports/digilent-xdc-master/Arty-Z7-20-Master.xdc:8]
CRITICAL WARNING: [Vivado 12-4739] create_clock:No valid object(s) found for '-objects [get_ports sysclk_i]'. [C:/Users/robdj/Documents/RMIT_2021/CAP_STONE/DVI_PASSTHROUGH_CAPS/Working_HDMI_passthrough/Working_HDMI_passthrough.srcs/constrs_1/imports/digilent-xdc-master/Arty-Z7-20-Master.xdc:8]
Resolution: Check if the specified object(s) exists in the current design. If it does, ensure that the correct design hierarchy was specified for the object. If you are working with clocks, make sure create_clock was used to create the clock object before it is referenced.
WARNING: [Vivado 12-584] No ports matched 'async_reset_i'. [C:/Users/robdj/Documents/RMIT_2021/CAP_STONE/DVI_PASSTHROUGH_CAPS/Working_HDMI_passthrough/Working_HDMI_passthrough.srcs/constrs_1/imports/digilent-xdc-master/Arty-Z7-20-Master.xdc:13]
CRITICAL WARNING: [Common 17-55] 'set_property' expects at least one object. [C:/Users/robdj/Documents/RMIT_2021/CAP_STONE/DVI_PASSTHROUGH_CAPS/Working_HDMI_passthrough/Working_HDMI_passthrough.srcs/constrs_1/imports/digilent-xdc-master/Arty-Z7-20-Master.xdc:13]
Resolution: If [get_<value>] was used to populate the object, check to make sure this command returns at least one valid object.
WARNING: [Vivado 12-584] No ports matched 'sw2'. [C:/Users/robdj/Documents/RMIT_2021/CAP_STONE/DVI_PASSTHROUGH_CAPS/Working_HDMI_passthrough/Working_HDMI_passthrough.srcs/constrs_1/imports/digilent-xdc-master/Arty-Z7-20-Master.xdc:14]
CRITICAL WARNING: [Common 17-55] 'set_property' expects at least one object. [C:/Users/robdj/Documents/RMIT_2021/CAP_STONE/DVI_PASSTHROUGH_CAPS/Working_HDMI_passthrough/Working_HDMI_passthrough.srcs/constrs_1/imports/digilent-xdc-master/Arty-Z7-20-Master.xdc:14]
Resolution: If [get_<value>] was used to populate the object, check to make sure this command returns at least one valid object.
WARNING: [Vivado 12-584] No ports matched 'led0'. [C:/Users/robdj/Documents/RMIT_2021/CAP_STONE/DVI_PASSTHROUGH_CAPS/Working_HDMI_passthrough/Working_HDMI_passthrough.srcs/constrs_1/imports/digilent-xdc-master/Arty-Z7-20-Master.xdc:25]
CRITICAL WARNING: [Common 17-55] 'set_property' expects at least one object. [C:/Users/robdj/Documents/RMIT_2021/CAP_STONE/DVI_PASSTHROUGH_CAPS/Working_HDMI_passthrough/Working_HDMI_passthrough.srcs/constrs_1/imports/digilent-xdc-master/Arty-Z7-20-Master.xdc:25]
Resolution: If [get_<value>] was used to populate the object, check to make sure this command returns at least one valid object.
WARNING: [Vivado 12-584] No ports matched 'led1'. [C:/Users/robdj/Documents/RMIT_2021/CAP_STONE/DVI_PASSTHROUGH_CAPS/Working_HDMI_passthrough/Working_HDMI_passthrough.srcs/constrs_1/imports/digilent-xdc-master/Arty-Z7-20-Master.xdc:26]
CRITICAL WARNING: [Common 17-55] 'set_property' expects at least one object. [C:/Users/robdj/Documents/RMIT_2021/CAP_STONE/DVI_PASSTHROUGH_CAPS/Working_HDMI_passthrough/Working_HDMI_passthrough.srcs/constrs_1/imports/digilent-xdc-master/Arty-Z7-20-Master.xdc:26]
Resolution: If [get_<value>] was used to populate the object, check to make sure this command returns at least one valid object.
WARNING: [Vivado 12-584] No ports matched 'led2'. [C:/Users/robdj/Documents/RMIT_2021/CAP_STONE/DVI_PASSTHROUGH_CAPS/Working_HDMI_passthrough/Working_HDMI_passthrough.srcs/constrs_1/imports/digilent-xdc-master/Arty-Z7-20-Master.xdc:27]
CRITICAL WARNING: [Common 17-55] 'set_property' expects at least one object. [C:/Users/robdj/Documents/RMIT_2021/CAP_STONE/DVI_PASSTHROUGH_CAPS/Working_HDMI_passthrough/Working_HDMI_passthrough.srcs/constrs_1/imports/digilent-xdc-master/Arty-Z7-20-Master.xdc:27]
Resolution: If [get_<value>] was used to populate the object, check to make sure this command returns at least one valid object.
WARNING: [Vivado 12-584] No ports matched 'led3'. [C:/Users/robdj/Documents/RMIT_2021/CAP_STONE/DVI_PASSTHROUGH_CAPS/Working_HDMI_passthrough/Working_HDMI_passthrough.srcs/constrs_1/imports/digilent-xdc-master/Arty-Z7-20-Master.xdc:28]
CRITICAL WARNING: [Common 17-55] 'set_property' expects at least one object. [C:/Users/robdj/Documents/RMIT_2021/CAP_STONE/DVI_PASSTHROUGH_CAPS/Working_HDMI_passthrough/Working_HDMI_passthrough.srcs/constrs_1/imports/digilent-xdc-master/Arty-Z7-20-Master.xdc:28]
Resolution: If [get_<value>] was used to populate the object, check to make sure this command returns at least one valid object.
WARNING: [Vivado 12-584] No ports matched 'btn0'. [C:/Users/robdj/Documents/RMIT_2021/CAP_STONE/DVI_PASSTHROUGH_CAPS/Working_HDMI_passthrough/Working_HDMI_passthrough.srcs/constrs_1/imports/digilent-xdc-master/Arty-Z7-20-Master.xdc:31]
CRITICAL WARNING: [Common 17-55] 'set_property' expects at least one object. [C:/Users/robdj/Documents/RMIT_2021/CAP_STONE/DVI_PASSTHROUGH_CAPS/Working_HDMI_passthrough/Working_HDMI_passthrough.srcs/constrs_1/imports/digilent-xdc-master/Arty-Z7-20-Master.xdc:31]
Resolution: If [get_<value>] was used to populate the object, check to make sure this command returns at least one valid object.
WARNING: [Vivado 12-584] No ports matched 'btn1'. [C:/Users/robdj/Documents/RMIT_2021/CAP_STONE/DVI_PASSTHROUGH_CAPS/Working_HDMI_passthrough/Working_HDMI_passthrough.srcs/constrs_1/imports/digilent-xdc-master/Arty-Z7-20-Master.xdc:32]
CRITICAL WARNING: [Common 17-55] 'set_property' expects at least one object. [C:/Users/robdj/Documents/RMIT_2021/CAP_STONE/DVI_PASSTHROUGH_CAPS/Working_HDMI_passthrough/Working_HDMI_passthrough.srcs/constrs_1/imports/digilent-xdc-master/Arty-Z7-20-Master.xdc:32]
Resolution: If [get_<value>] was used to populate the object, check to make sure this command returns at least one valid object.
WARNING: [Vivado 12-584] No ports matched 'btn2'. [C:/Users/robdj/Documents/RMIT_2021/CAP_STONE/DVI_PASSTHROUGH_CAPS/Working_HDMI_passthrough/Working_HDMI_passthrough.srcs/constrs_1/imports/digilent-xdc-master/Arty-Z7-20-Master.xdc:33]
CRITICAL WARNING: [Common 17-55] 'set_property' expects at least one object. [C:/Users/robdj/Documents/RMIT_2021/CAP_STONE/DVI_PASSTHROUGH_CAPS/Working_HDMI_passthrough/Working_HDMI_passthrough.srcs/constrs_1/imports/digilent-xdc-master/Arty-Z7-20-Master.xdc:33]
Resolution: If [get_<value>] was used to populate the object, check to make sure this command returns at least one valid object.
WARNING: [Vivado 12-584] No ports matched 'btn3'. [C:/Users/robdj/Documents/RMIT_2021/CAP_STONE/DVI_PASSTHROUGH_CAPS/Working_HDMI_passthrough/Working_HDMI_passthrough.srcs/constrs_1/imports/digilent-xdc-master/Arty-Z7-20-Master.xdc:34]
CRITICAL WARNING: [Common 17-55] 'set_property' expects at least one object. [C:/Users/robdj/Documents/RMIT_2021/CAP_STONE/DVI_PASSTHROUGH_CAPS/Working_HDMI_passthrough/Working_HDMI_passthrough.srcs/constrs_1/imports/digilent-xdc-master/Arty-Z7-20-Master.xdc:34]
Resolution: If [get_<value>] was used to populate the object, check to make sure this command returns at least one valid object.
WARNING: [Vivado 12-584] No ports matched 'hdmi_rx_cec'. [C:/Users/robdj/Documents/RMIT_2021/CAP_STONE/DVI_PASSTHROUGH_CAPS/Working_HDMI_passthrough/Working_HDMI_passthrough.srcs/constrs_1/imports/digilent-xdc-master/Arty-Z7-20-Master.xdc:64]
CRITICAL WARNING: [Common 17-55] 'set_property' expects at least one object. [C:/Users/robdj/Documents/RMIT_2021/CAP_STONE/DVI_PASSTHROUGH_CAPS/Working_HDMI_passthrough/Working_HDMI_passthrough.srcs/constrs_1/imports/digilent-xdc-master/Arty-Z7-20-Master.xdc:64]
Resolution: If [get_<value>] was used to populate the object, check to make sure this command returns at least one valid object.
WARNING: [Vivado 12-584] No ports matched 'tmds_rx_clk_n_i'. [C:/Users/robdj/Documents/RMIT_2021/CAP_STONE/DVI_PASSTHROUGH_CAPS/Working_HDMI_passthrough/Working_HDMI_passthrough.srcs/constrs_1/imports/digilent-xdc-master/Arty-Z7-20-Master.xdc:65]
CRITICAL WARNING: [Common 17-55] 'set_property' expects at least one object. [C:/Users/robdj/Documents/RMIT_2021/CAP_STONE/DVI_PASSTHROUGH_CAPS/Working_HDMI_passthrough/Working_HDMI_passthrough.srcs/constrs_1/imports/digilent-xdc-master/Arty-Z7-20-Master.xdc:65]
Resolution: If [get_<value>] was used to populate the object, check to make sure this command returns at least one valid object.
WARNING: [Vivado 12-584] No ports matched 'tmds_rx_clk_p_i'. [C:/Users/robdj/Documents/RMIT_2021/CAP_STONE/DVI_PASSTHROUGH_CAPS/Working_HDMI_passthrough/Working_HDMI_passthrough.srcs/constrs_1/imports/digilent-xdc-master/Arty-Z7-20-Master.xdc:66]
CRITICAL WARNING: [Common 17-55] 'set_property' expects at least one object. [C:/Users/robdj/Documents/RMIT_2021/CAP_STONE/DVI_PASSTHROUGH_CAPS/Working_HDMI_passthrough/Working_HDMI_passthrough.srcs/constrs_1/imports/digilent-xdc-master/Arty-Z7-20-Master.xdc:66]
Resolution: If [get_<value>] was used to populate the object, check to make sure this command returns at least one valid object.
WARNING: [Vivado 12-584] No ports matched 'tmds_rx_data_n_i[0]'. [C:/Users/robdj/Documents/RMIT_2021/CAP_STONE/DVI_PASSTHROUGH_CAPS/Working_HDMI_passthrough/Working_HDMI_passthrough.srcs/constrs_1/imports/digilent-xdc-master/Arty-Z7-20-Master.xdc:67]
CRITICAL WARNING: [Common 17-55] 'set_property' expects at least one object. [C:/Users/robdj/Documents/RMIT_2021/CAP_STONE/DVI_PASSTHROUGH_CAPS/Working_HDMI_passthrough/Working_HDMI_passthrough.srcs/constrs_1/imports/digilent-xdc-master/Arty-Z7-20-Master.xdc:67]
Resolution: If [get_<value>] was used to populate the object, check to make sure this command returns at least one valid object.
WARNING: [Vivado 12-584] No ports matched 'tmds_rx_data_p_i[0]'. [C:/Users/robdj/Documents/RMIT_2021/CAP_STONE/DVI_PASSTHROUGH_CAPS/Working_HDMI_passthrough/Working_HDMI_passthrough.srcs/constrs_1/imports/digilent-xdc-master/Arty-Z7-20-Master.xdc:68]
CRITICAL WARNING: [Common 17-55] 'set_property' expects at least one object. [C:/Users/robdj/Documents/RMIT_2021/CAP_STONE/DVI_PASSTHROUGH_CAPS/Working_HDMI_passthrough/Working_HDMI_passthrough.srcs/constrs_1/imports/digilent-xdc-master/Arty-Z7-20-Master.xdc:68]
Resolution: If [get_<value>] was used to populate the object, check to make sure this command returns at least one valid object.
WARNING: [Vivado 12-584] No ports matched 'tmds_rx_data_n_i[1]'. [C:/Users/robdj/Documents/RMIT_2021/CAP_STONE/DVI_PASSTHROUGH_CAPS/Working_HDMI_passthrough/Working_HDMI_passthrough.srcs/constrs_1/imports/digilent-xdc-master/Arty-Z7-20-Master.xdc:69]
CRITICAL WARNING: [Common 17-55] 'set_property' expects at least one object. [C:/Users/robdj/Documents/RMIT_2021/CAP_STONE/DVI_PASSTHROUGH_CAPS/Working_HDMI_passthrough/Working_HDMI_passthrough.srcs/constrs_1/imports/digilent-xdc-master/Arty-Z7-20-Master.xdc:69]
Resolution: If [get_<value>] was used to populate the object, check to make sure this command returns at least one valid object.
WARNING: [Vivado 12-584] No ports matched 'tmds_rx_data_p_i[1]'. [C:/Users/robdj/Documents/RMIT_2021/CAP_STONE/DVI_PASSTHROUGH_CAPS/Working_HDMI_passthrough/Working_HDMI_passthrough.srcs/constrs_1/imports/digilent-xdc-master/Arty-Z7-20-Master.xdc:70]
CRITICAL WARNING: [Common 17-55] 'set_property' expects at least one object. [C:/Users/robdj/Documents/RMIT_2021/CAP_STONE/DVI_PASSTHROUGH_CAPS/Working_HDMI_passthrough/Working_HDMI_passthrough.srcs/constrs_1/imports/digilent-xdc-master/Arty-Z7-20-Master.xdc:70]
Resolution: If [get_<value>] was used to populate the object, check to make sure this command returns at least one valid object.
WARNING: [Vivado 12-584] No ports matched 'tmds_rx_data_n_i[2]'. [C:/Users/robdj/Documents/RMIT_2021/CAP_STONE/DVI_PASSTHROUGH_CAPS/Working_HDMI_passthrough/Working_HDMI_passthrough.srcs/constrs_1/imports/digilent-xdc-master/Arty-Z7-20-Master.xdc:71]
CRITICAL WARNING: [Common 17-55] 'set_property' expects at least one object. [C:/Users/robdj/Documents/RMIT_2021/CAP_STONE/DVI_PASSTHROUGH_CAPS/Working_HDMI_passthrough/Working_HDMI_passthrough.srcs/constrs_1/imports/digilent-xdc-master/Arty-Z7-20-Master.xdc:71]
Resolution: If [get_<value>] was used to populate the object, check to make sure this command returns at least one valid object.
WARNING: [Vivado 12-584] No ports matched 'tmds_rx_data_p_i[2]'. [C:/Users/robdj/Documents/RMIT_2021/CAP_STONE/DVI_PASSTHROUGH_CAPS/Working_HDMI_passthrough/Working_HDMI_passthrough.srcs/constrs_1/imports/digilent-xdc-master/Arty-Z7-20-Master.xdc:72]
CRITICAL WARNING: [Common 17-55] 'set_property' expects at least one object. [C:/Users/robdj/Documents/RMIT_2021/CAP_STONE/DVI_PASSTHROUGH_CAPS/Working_HDMI_passthrough/Working_HDMI_passthrough.srcs/constrs_1/imports/digilent-xdc-master/Arty-Z7-20-Master.xdc:72]
Resolution: If [get_<value>] was used to populate the object, check to make sure this command returns at least one valid object.
WARNING: [Vivado 12-584] No ports matched 'hdmi_rx_hpd_o'. [C:/Users/robdj/Documents/RMIT_2021/CAP_STONE/DVI_PASSTHROUGH_CAPS/Working_HDMI_passthrough/Working_HDMI_passthrough.srcs/constrs_1/imports/digilent-xdc-master/Arty-Z7-20-Master.xdc:73]
CRITICAL WARNING: [Common 17-55] 'set_property' expects at least one object. [C:/Users/robdj/Documents/RMIT_2021/CAP_STONE/DVI_PASSTHROUGH_CAPS/Working_HDMI_passthrough/Working_HDMI_passthrough.srcs/constrs_1/imports/digilent-xdc-master/Arty-Z7-20-Master.xdc:73]
Resolution: If [get_<value>] was used to populate the object, check to make sure this command returns at least one valid object.
WARNING: [Vivado 12-584] No ports matched 'scl_io'. [C:/Users/robdj/Documents/RMIT_2021/CAP_STONE/DVI_PASSTHROUGH_CAPS/Working_HDMI_passthrough/Working_HDMI_passthrough.srcs/constrs_1/imports/digilent-xdc-master/Arty-Z7-20-Master.xdc:74]
CRITICAL WARNING: [Common 17-55] 'set_property' expects at least one object. [C:/Users/robdj/Documents/RMIT_2021/CAP_STONE/DVI_PASSTHROUGH_CAPS/Working_HDMI_passthrough/Working_HDMI_passthrough.srcs/constrs_1/imports/digilent-xdc-master/Arty-Z7-20-Master.xdc:74]
Resolution: If [get_<value>] was used to populate the object, check to make sure this command returns at least one valid object.
WARNING: [Vivado 12-584] No ports matched 'sda_io'. [C:/Users/robdj/Documents/RMIT_2021/CAP_STONE/DVI_PASSTHROUGH_CAPS/Working_HDMI_passthrough/Working_HDMI_passthrough.srcs/constrs_1/imports/digilent-xdc-master/Arty-Z7-20-Master.xdc:75]
CRITICAL WARNING: [Common 17-55] 'set_property' expects at least one object. [C:/Users/robdj/Documents/RMIT_2021/CAP_STONE/DVI_PASSTHROUGH_CAPS/Working_HDMI_passthrough/Working_HDMI_passthrough.srcs/constrs_1/imports/digilent-xdc-master/Arty-Z7-20-Master.xdc:75]
Resolution: If [get_<value>] was used to populate the object, check to make sure this command returns at least one valid object.
WARNING: [Vivado 12-584] No ports matched 'hdmi_tx_cec'. [C:/Users/robdj/Documents/RMIT_2021/CAP_STONE/DVI_PASSTHROUGH_CAPS/Working_HDMI_passthrough/Working_HDMI_passthrough.srcs/constrs_1/imports/digilent-xdc-master/Arty-Z7-20-Master.xdc:78]
CRITICAL WARNING: [Common 17-55] 'set_property' expects at least one object. [C:/Users/robdj/Documents/RMIT_2021/CAP_STONE/DVI_PASSTHROUGH_CAPS/Working_HDMI_passthrough/Working_HDMI_passthrough.srcs/constrs_1/imports/digilent-xdc-master/Arty-Z7-20-Master.xdc:78]
Resolution: If [get_<value>] was used to populate the object, check to make sure this command returns at least one valid object.
WARNING: [Vivado 12-584] No ports matched 'tmds_tx_clk_n_o'. [C:/Users/robdj/Documents/RMIT_2021/CAP_STONE/DVI_PASSTHROUGH_CAPS/Working_HDMI_passthrough/Working_HDMI_passthrough.srcs/constrs_1/imports/digilent-xdc-master/Arty-Z7-20-Master.xdc:79]
CRITICAL WARNING: [Common 17-55] 'set_property' expects at least one object. [C:/Users/robdj/Documents/RMIT_2021/CAP_STONE/DVI_PASSTHROUGH_CAPS/Working_HDMI_passthrough/Working_HDMI_passthrough.srcs/constrs_1/imports/digilent-xdc-master/Arty-Z7-20-Master.xdc:79]
Resolution: If [get_<value>] was used to populate the object, check to make sure this command returns at least one valid object.
WARNING: [Vivado 12-584] No ports matched 'tmds_tx_clk_p_o'. [C:/Users/robdj/Documents/RMIT_2021/CAP_STONE/DVI_PASSTHROUGH_CAPS/Working_HDMI_passthrough/Working_HDMI_passthrough.srcs/constrs_1/imports/digilent-xdc-master/Arty-Z7-20-Master.xdc:80]
CRITICAL WARNING: [Common 17-55] 'set_property' expects at least one object. [C:/Users/robdj/Documents/RMIT_2021/CAP_STONE/DVI_PASSTHROUGH_CAPS/Working_HDMI_passthrough/Working_HDMI_passthrough.srcs/constrs_1/imports/digilent-xdc-master/Arty-Z7-20-Master.xdc:80]
Resolution: If [get_<value>] was used to populate the object, check to make sure this command returns at least one valid object.
WARNING: [Vivado 12-584] No ports matched 'tmds_tx_data_n_o[0]'. [C:/Users/robdj/Documents/RMIT_2021/CAP_STONE/DVI_PASSTHROUGH_CAPS/Working_HDMI_passthrough/Working_HDMI_passthrough.srcs/constrs_1/imports/digilent-xdc-master/Arty-Z7-20-Master.xdc:81]
CRITICAL WARNING: [Common 17-55] 'set_property' expects at least one object. [C:/Users/robdj/Documents/RMIT_2021/CAP_STONE/DVI_PASSTHROUGH_CAPS/Working_HDMI_passthrough/Working_HDMI_passthrough.srcs/constrs_1/imports/digilent-xdc-master/Arty-Z7-20-Master.xdc:81]
Resolution: If [get_<value>] was used to populate the object, check to make sure this command returns at least one valid object.
WARNING: [Vivado 12-584] No ports matched 'tmds_tx_data_p_o[0]'. [C:/Users/robdj/Documents/RMIT_2021/CAP_STONE/DVI_PASSTHROUGH_CAPS/Working_HDMI_passthrough/Working_HDMI_passthrough.srcs/constrs_1/imports/digilent-xdc-master/Arty-Z7-20-Master.xdc:82]
CRITICAL WARNING: [Common 17-55] 'set_property' expects at least one object. [C:/Users/robdj/Documents/RMIT_2021/CAP_STONE/DVI_PASSTHROUGH_CAPS/Working_HDMI_passthrough/Working_HDMI_passthrough.srcs/constrs_1/imports/digilent-xdc-master/Arty-Z7-20-Master.xdc:82]
Resolution: If [get_<value>] was used to populate the object, check to make sure this command returns at least one valid object.
WARNING: [Vivado 12-584] No ports matched 'tmds_tx_data_n_o[1]'. [C:/Users/robdj/Documents/RMIT_2021/CAP_STONE/DVI_PASSTHROUGH_CAPS/Working_HDMI_passthrough/Working_HDMI_passthrough.srcs/constrs_1/imports/digilent-xdc-master/Arty-Z7-20-Master.xdc:83]
CRITICAL WARNING: [Common 17-55] 'set_property' expects at least one object. [C:/Users/robdj/Documents/RMIT_2021/CAP_STONE/DVI_PASSTHROUGH_CAPS/Working_HDMI_passthrough/Working_HDMI_passthrough.srcs/constrs_1/imports/digilent-xdc-master/Arty-Z7-20-Master.xdc:83]
Resolution: If [get_<value>] was used to populate the object, check to make sure this command returns at least one valid object.
WARNING: [Vivado 12-584] No ports matched 'tmds_tx_data_p_o[1]'. [C:/Users/robdj/Documents/RMIT_2021/CAP_STONE/DVI_PASSTHROUGH_CAPS/Working_HDMI_passthrough/Working_HDMI_passthrough.srcs/constrs_1/imports/digilent-xdc-master/Arty-Z7-20-Master.xdc:84]
CRITICAL WARNING: [Common 17-55] 'set_property' expects at least one object. [C:/Users/robdj/Documents/RMIT_2021/CAP_STONE/DVI_PASSTHROUGH_CAPS/Working_HDMI_passthrough/Working_HDMI_passthrough.srcs/constrs_1/imports/digilent-xdc-master/Arty-Z7-20-Master.xdc:84]
Resolution: If [get_<value>] was used to populate the object, check to make sure this command returns at least one valid object.
WARNING: [Vivado 12-584] No ports matched 'tmds_tx_data_n_o[2]'. [C:/Users/robdj/Documents/RMIT_2021/CAP_STONE/DVI_PASSTHROUGH_CAPS/Working_HDMI_passthrough/Working_HDMI_passthrough.srcs/constrs_1/imports/digilent-xdc-master/Arty-Z7-20-Master.xdc:85]
CRITICAL WARNING: [Common 17-55] 'set_property' expects at least one object. [C:/Users/robdj/Documents/RMIT_2021/CAP_STONE/DVI_PASSTHROUGH_CAPS/Working_HDMI_passthrough/Working_HDMI_passthrough.srcs/constrs_1/imports/digilent-xdc-master/Arty-Z7-20-Master.xdc:85]
Resolution: If [get_<value>] was used to populate the object, check to make sure this command returns at least one valid object.
WARNING: [Vivado 12-584] No ports matched 'tmds_tx_data_p_o[2]'. [C:/Users/robdj/Documents/RMIT_2021/CAP_STONE/DVI_PASSTHROUGH_CAPS/Working_HDMI_passthrough/Working_HDMI_passthrough.srcs/constrs_1/imports/digilent-xdc-master/Arty-Z7-20-Master.xdc:86]
CRITICAL WARNING: [Common 17-55] 'set_property' expects at least one object. [C:/Users/robdj/Documents/RMIT_2021/CAP_STONE/DVI_PASSTHROUGH_CAPS/Working_HDMI_passthrough/Working_HDMI_passthrough.srcs/constrs_1/imports/digilent-xdc-master/Arty-Z7-20-Master.xdc:86]
Resolution: If [get_<value>] was used to populate the object, check to make sure this command returns at least one valid object.
WARNING: [Vivado 12-584] No ports matched 'hdmi_tx_hpdn'. [C:/Users/robdj/Documents/RMIT_2021/CAP_STONE/DVI_PASSTHROUGH_CAPS/Working_HDMI_passthrough/Working_HDMI_passthrough.srcs/constrs_1/imports/digilent-xdc-master/Arty-Z7-20-Master.xdc:87]
CRITICAL WARNING: [Common 17-55] 'set_property' expects at least one object. [C:/Users/robdj/Documents/RMIT_2021/CAP_STONE/DVI_PASSTHROUGH_CAPS/Working_HDMI_passthrough/Working_HDMI_passthrough.srcs/constrs_1/imports/digilent-xdc-master/Arty-Z7-20-Master.xdc:87]
Resolution: If [get_<value>] was used to populate the object, check to make sure this command returns at least one valid object.
WARNING: [Vivado 12-584] No ports matched 'hdmi_tx_scl'. [C:/Users/robdj/Documents/RMIT_2021/CAP_STONE/DVI_PASSTHROUGH_CAPS/Working_HDMI_passthrough/Working_HDMI_passthrough.srcs/constrs_1/imports/digilent-xdc-master/Arty-Z7-20-Master.xdc:88]
CRITICAL WARNING: [Common 17-55] 'set_property' expects at least one object. [C:/Users/robdj/Documents/RMIT_2021/CAP_STONE/DVI_PASSTHROUGH_CAPS/Working_HDMI_passthrough/Working_HDMI_passthrough.srcs/constrs_1/imports/digilent-xdc-master/Arty-Z7-20-Master.xdc:88]
Resolution: If [get_<value>] was used to populate the object, check to make sure this command returns at least one valid object.
WARNING: [Vivado 12-584] No ports matched 'hdmi_tx_sda'. [C:/Users/robdj/Documents/RMIT_2021/CAP_STONE/DVI_PASSTHROUGH_CAPS/Working_HDMI_passthrough/Working_HDMI_passthrough.srcs/constrs_1/imports/digilent-xdc-master/Arty-Z7-20-Master.xdc:89]
CRITICAL WARNING: [Common 17-55] 'set_property' expects at least one object. [C:/Users/robdj/Documents/RMIT_2021/CAP_STONE/DVI_PASSTHROUGH_CAPS/Working_HDMI_passthrough/Working_HDMI_passthrough.srcs/constrs_1/imports/digilent-xdc-master/Arty-Z7-20-Master.xdc:89]
Resolution: If [get_<value>] was used to populate the object, check to make sure this command returns at least one valid object.
WARNING: [Vivado 12-507] No nets matched 'led2_OBUF'. [C:/Users/robdj/Documents/RMIT_2021/CAP_STONE/DVI_PASSTHROUGH_CAPS/Working_HDMI_passthrough/Working_HDMI_passthrough.srcs/constrs_1/imports/digilent-xdc-master/Arty-Z7-20-Master.xdc:189]
CRITICAL WARNING: [Common 17-55] 'set_property' expects at least one object. [C:/Users/robdj/Documents/RMIT_2021/CAP_STONE/DVI_PASSTHROUGH_CAPS/Working_HDMI_passthrough/Working_HDMI_passthrough.srcs/constrs_1/imports/digilent-xdc-master/Arty-Z7-20-Master.xdc:189]
Resolution: If [get_<value>] was used to populate the object, check to make sure this command returns at least one valid object.
WARNING: [Vivado 12-507] No nets matched 'led_control/fade_up_down/cnt[0]'. [C:/Users/robdj/Documents/RMIT_2021/CAP_STONE/DVI_PASSTHROUGH_CAPS/Working_HDMI_passthrough/Working_HDMI_passthrough.srcs/constrs_1/imports/digilent-xdc-master/Arty-Z7-20-Master.xdc:190]
CRITICAL WARNING: [Common 17-55] 'set_property' expects at least one object. [C:/Users/robdj/Documents/RMIT_2021/CAP_STONE/DVI_PASSTHROUGH_CAPS/Working_HDMI_passthrough/Working_HDMI_passthrough.srcs/constrs_1/imports/digilent-xdc-master/Arty-Z7-20-Master.xdc:190]
Resolution: If [get_<value>] was used to populate the object, check to make sure this command returns at least one valid object.
WARNING: [Vivado 12-507] No nets matched 'led_control/fade_up_down/cnt[1]'. [C:/Users/robdj/Documents/RMIT_2021/CAP_STONE/DVI_PASSTHROUGH_CAPS/Working_HDMI_passthrough/Working_HDMI_passthrough.srcs/constrs_1/imports/digilent-xdc-master/Arty-Z7-20-Master.xdc:191]
CRITICAL WARNING: [Common 17-55] 'set_property' expects at least one object. [C:/Users/robdj/Documents/RMIT_2021/CAP_STONE/DVI_PASSTHROUGH_CAPS/Working_HDMI_passthrough/Working_HDMI_passthrough.srcs/constrs_1/imports/digilent-xdc-master/Arty-Z7-20-Master.xdc:191]
Resolution: If [get_<value>] was used to populate the object, check to make sure this command returns at least one valid object.
WARNING: [Vivado 12-507] No nets matched 'led_control/fade_up_down/cnt[2]'. [C:/Users/robdj/Documents/RMIT_2021/CAP_STONE/DVI_PASSTHROUGH_CAPS/Working_HDMI_passthrough/Working_HDMI_passthrough.srcs/constrs_1/imports/digilent-xdc-master/Arty-Z7-20-Master.xdc:192]
CRITICAL WARNING: [Common 17-55] 'set_property' expects at least one object. [C:/Users/robdj/Documents/RMIT_2021/CAP_STONE/DVI_PASSTHROUGH_CAPS/Working_HDMI_passthrough/Working_HDMI_passthrough.srcs/constrs_1/imports/digilent-xdc-master/Arty-Z7-20-Master.xdc:192]
Resolution: If [get_<value>] was used to populate the object, check to make sure this command returns at least one valid object.
WARNING: [Vivado 12-507] No nets matched 'led_control/fade_up_down/cnt[3]'. [C:/Users/robdj/Documents/RMIT_2021/CAP_STONE/DVI_PASSTHROUGH_CAPS/Working_HDMI_passthrough/Working_HDMI_passthrough.srcs/constrs_1/imports/digilent-xdc-master/Arty-Z7-20-Master.xdc:193]
CRITICAL WARNING: [Common 17-55] 'set_property' expects at least one object. [C:/Users/robdj/Documents/RMIT_2021/CAP_STONE/DVI_PASSTHROUGH_CAPS/Working_HDMI_passthrough/Working_HDMI_passthrough.srcs/constrs_1/imports/digilent-xdc-master/Arty-Z7-20-Master.xdc:193]
Resolution: If [get_<value>] was used to populate the object, check to make sure this command returns at least one valid object.
WARNING: [Vivado 12-507] No nets matched 'led_control/fade_up_down/cnt[4]'. [C:/Users/robdj/Documents/RMIT_2021/CAP_STONE/DVI_PASSTHROUGH_CAPS/Working_HDMI_passthrough/Working_HDMI_passthrough.srcs/constrs_1/imports/digilent-xdc-master/Arty-Z7-20-Master.xdc:194]
CRITICAL WARNING: [Common 17-55] 'set_property' expects at least one object. [C:/Users/robdj/Documents/RMIT_2021/CAP_STONE/DVI_PASSTHROUGH_CAPS/Working_HDMI_passthrough/Working_HDMI_passthrough.srcs/constrs_1/imports/digilent-xdc-master/Arty-Z7-20-Master.xdc:194]
Resolution: If [get_<value>] was used to populate the object, check to make sure this command returns at least one valid object.
WARNING: [Vivado 12-507] No nets matched 'led_control/fade_up_down/cnt[5]'. [C:/Users/robdj/Documents/RMIT_2021/CAP_STONE/DVI_PASSTHROUGH_CAPS/Working_HDMI_passthrough/Working_HDMI_passthrough.srcs/constrs_1/imports/digilent-xdc-master/Arty-Z7-20-Master.xdc:195]
CRITICAL WARNING: [Common 17-55] 'set_property' expects at least one object. [C:/Users/robdj/Documents/RMIT_2021/CAP_STONE/DVI_PASSTHROUGH_CAPS/Working_HDMI_passthrough/Working_HDMI_passthrough.srcs/constrs_1/imports/digilent-xdc-master/Arty-Z7-20-Master.xdc:195]
Resolution: If [get_<value>] was used to populate the object, check to make sure this command returns at least one valid object.
WARNING: [Vivado 12-507] No nets matched 'led_control/fade_up_down/cnt[6]'. [C:/Users/robdj/Documents/RMIT_2021/CAP_STONE/DVI_PASSTHROUGH_CAPS/Working_HDMI_passthrough/Working_HDMI_passthrough.srcs/constrs_1/imports/digilent-xdc-master/Arty-Z7-20-Master.xdc:196]
CRITICAL WARNING: [Common 17-55] 'set_property' expects at least one object. [C:/Users/robdj/Documents/RMIT_2021/CAP_STONE/DVI_PASSTHROUGH_CAPS/Working_HDMI_passthrough/Working_HDMI_passthrough.srcs/constrs_1/imports/digilent-xdc-master/Arty-Z7-20-Master.xdc:196]
Resolution: If [get_<value>] was used to populate the object, check to make sure this command returns at least one valid object.
WARNING: [Vivado 12-507] No nets matched 'led_control/fade_up_down/cnt[7]'. [C:/Users/robdj/Documents/RMIT_2021/CAP_STONE/DVI_PASSTHROUGH_CAPS/Working_HDMI_passthrough/Working_HDMI_passthrough.srcs/constrs_1/imports/digilent-xdc-master/Arty-Z7-20-Master.xdc:197]
CRITICAL WARNING: [Common 17-55] 'set_property' expects at least one object. [C:/Users/robdj/Documents/RMIT_2021/CAP_STONE/DVI_PASSTHROUGH_CAPS/Working_HDMI_passthrough/Working_HDMI_passthrough.srcs/constrs_1/imports/digilent-xdc-master/Arty-Z7-20-Master.xdc:197]
Resolution: If [get_<value>] was used to populate the object, check to make sure this command returns at least one valid object.
Finished Parsing XDC File [C:/Users/robdj/Documents/RMIT_2021/CAP_STONE/DVI_PASSTHROUGH_CAPS/Working_HDMI_passthrough/Working_HDMI_passthrough.srcs/constrs_1/imports/digilent-xdc-master/Arty-Z7-20-Master.xdc]
Completed Processing XDC Constraints

Netlist sorting complete. Time (s): cpu = 00:00:00 ; elapsed = 00:00:00 . Memory (MB): peak = 1258.578 ; gain = 0.000
INFO: [Project 1-111] Unisim Transformation Summary:
No Unisim elements were transformed.

Constraint Validation Runtime : Time (s): cpu = 00:00:00 ; elapsed = 00:00:00.010 . Memory (MB): peak = 1258.578 ; gain = 0.000
---------------------------------------------------------------------------------
Finished Constraint Validation : Time (s): cpu = 00:00:13 ; elapsed = 00:00:14 . Memory (MB): peak = 1258.578 ; gain = 145.898
---------------------------------------------------------------------------------
---------------------------------------------------------------------------------
Start Loading Part and Timing Information
---------------------------------------------------------------------------------
Loading part: xc7z020clg400-1
---------------------------------------------------------------------------------
Finished Loading Part and Timing Information : Time (s): cpu = 00:00:13 ; elapsed = 00:00:14 . Memory (MB): peak = 1258.578 ; gain = 145.898
---------------------------------------------------------------------------------
---------------------------------------------------------------------------------
Start Applying 'set_property' XDC Constraints
---------------------------------------------------------------------------------
---------------------------------------------------------------------------------
Finished applying 'set_property' XDC Constraints : Time (s): cpu = 00:00:13 ; elapsed = 00:00:14 . Memory (MB): peak = 1258.578 ; gain = 145.898
---------------------------------------------------------------------------------
WARNING: [Synth 8-327] inferring latch for variable 'vid_reg' [C:/Users/robdj/Documents/RMIT_2021/CAP_STONE/DVI_PASSTHROUGH_CAPS/Working_HDMI_passthrough/Working_HDMI_passthrough.srcs/sources_1/new/colourise.v:43]
---------------------------------------------------------------------------------
Finished RTL Optimization Phase 2 : Time (s): cpu = 00:00:13 ; elapsed = 00:00:15 . Memory (MB): peak = 1258.578 ; gain = 145.898
---------------------------------------------------------------------------------
---------------------------------------------------------------------------------
Start RTL Component Statistics 
---------------------------------------------------------------------------------
Detailed RTL Component Info : 
+---Muxes : 
	   5 Input   24 Bit        Muxes := 1     
	   7 Input   24 Bit        Muxes := 1     
	   2 Input    1 Bit        Muxes := 1     
	   3 Input    1 Bit        Muxes := 1     
	   5 Input    1 Bit        Muxes := 1     
---------------------------------------------------------------------------------
Finished RTL Component Statistics 
---------------------------------------------------------------------------------
---------------------------------------------------------------------------------
Start Part Resource Summary
---------------------------------------------------------------------------------
Part Resources:
DSPs: 220 (col length:60)
BRAMs: 280 (col length: RAMB18 60 RAMB36 30)
---------------------------------------------------------------------------------
Finished Part Resource Summary
---------------------------------------------------------------------------------
---------------------------------------------------------------------------------
Start Cross Boundary and Area Optimization
---------------------------------------------------------------------------------
---------------------------------------------------------------------------------
Finished Cross Boundary and Area Optimization : Time (s): cpu = 00:00:15 ; elapsed = 00:00:16 . Memory (MB): peak = 1258.578 ; gain = 145.898
---------------------------------------------------------------------------------
---------------------------------------------------------------------------------
Start Applying XDC Timing Constraints
---------------------------------------------------------------------------------
---------------------------------------------------------------------------------
Finished Applying XDC Timing Constraints : Time (s): cpu = 00:00:22 ; elapsed = 00:00:24 . Memory (MB): peak = 1258.578 ; gain = 145.898
---------------------------------------------------------------------------------
---------------------------------------------------------------------------------
Start Timing Optimization
---------------------------------------------------------------------------------
---------------------------------------------------------------------------------
Finished Timing Optimization : Time (s): cpu = 00:00:22 ; elapsed = 00:00:24 . Memory (MB): peak = 1258.578 ; gain = 145.898
---------------------------------------------------------------------------------
---------------------------------------------------------------------------------
Start Technology Mapping
---------------------------------------------------------------------------------
---------------------------------------------------------------------------------
Finished Technology Mapping : Time (s): cpu = 00:00:22 ; elapsed = 00:00:24 . Memory (MB): peak = 1268.371 ; gain = 155.691
---------------------------------------------------------------------------------
---------------------------------------------------------------------------------
Start IO Insertion
---------------------------------------------------------------------------------
---------------------------------------------------------------------------------
Start Flattening Before IO Insertion
---------------------------------------------------------------------------------
---------------------------------------------------------------------------------
Finished Flattening Before IO Insertion
---------------------------------------------------------------------------------
---------------------------------------------------------------------------------
Start Final Netlist Cleanup
---------------------------------------------------------------------------------
---------------------------------------------------------------------------------
Finished Final Netlist Cleanup
---------------------------------------------------------------------------------
---------------------------------------------------------------------------------
Finished IO Insertion : Time (s): cpu = 00:00:26 ; elapsed = 00:00:28 . Memory (MB): peak = 1276.793 ; gain = 164.113
---------------------------------------------------------------------------------
---------------------------------------------------------------------------------
Start Renaming Generated Instances
---------------------------------------------------------------------------------
---------------------------------------------------------------------------------
Finished Renaming Generated Instances : Time (s): cpu = 00:00:26 ; elapsed = 00:00:28 . Memory (MB): peak = 1276.793 ; gain = 164.113
---------------------------------------------------------------------------------
---------------------------------------------------------------------------------
Start Rebuilding User Hierarchy
---------------------------------------------------------------------------------
---------------------------------------------------------------------------------
Finished Rebuilding User Hierarchy : Time (s): cpu = 00:00:26 ; elapsed = 00:00:28 . Memory (MB): peak = 1276.793 ; gain = 164.113
---------------------------------------------------------------------------------
---------------------------------------------------------------------------------
Start Renaming Generated Ports
---------------------------------------------------------------------------------
---------------------------------------------------------------------------------
Finished Renaming Generated Ports : Time (s): cpu = 00:00:26 ; elapsed = 00:00:28 . Memory (MB): peak = 1276.793 ; gain = 164.113
---------------------------------------------------------------------------------
---------------------------------------------------------------------------------
Start Handling Custom Attributes
---------------------------------------------------------------------------------
---------------------------------------------------------------------------------
Finished Handling Custom Attributes : Time (s): cpu = 00:00:26 ; elapsed = 00:00:28 . Memory (MB): peak = 1276.793 ; gain = 164.113
---------------------------------------------------------------------------------
---------------------------------------------------------------------------------
Start Renaming Generated Nets
---------------------------------------------------------------------------------
---------------------------------------------------------------------------------
Finished Renaming Generated Nets : Time (s): cpu = 00:00:26 ; elapsed = 00:00:28 . Memory (MB): peak = 1276.793 ; gain = 164.113
---------------------------------------------------------------------------------
---------------------------------------------------------------------------------
Start Writing Synthesis Report
---------------------------------------------------------------------------------

Report BlackBoxes: 
+-+--------------+----------+
| |BlackBox name |Instances |
+-+--------------+----------+
+-+--------------+----------+

Report Cell Usage: 
+------+-----+------+
|      |Cell |Count |
+------+-----+------+
|1     |LUT3 |     3|
|2     |LUT4 |    12|
|3     |LUT5 |    13|
|4     |LUT6 |     9|
|5     |LD   |    22|
|6     |IBUF |    11|
|7     |OBUF |    24|
+------+-----+------+
---------------------------------------------------------------------------------
Finished Writing Synthesis Report : Time (s): cpu = 00:00:26 ; elapsed = 00:00:28 . Memory (MB): peak = 1276.793 ; gain = 164.113
---------------------------------------------------------------------------------
Synthesis finished with 0 errors, 0 critical warnings and 1 warnings.
Synthesis Optimization Runtime : Time (s): cpu = 00:00:17 ; elapsed = 00:00:25 . Memory (MB): peak = 1276.793 ; gain = 57.770
Synthesis Optimization Complete : Time (s): cpu = 00:00:26 ; elapsed = 00:00:28 . Memory (MB): peak = 1276.793 ; gain = 164.113
INFO: [Project 1-571] Translating synthesized netlist
Netlist sorting complete. Time (s): cpu = 00:00:00 ; elapsed = 00:00:00.001 . Memory (MB): peak = 1286.293 ; gain = 0.000
INFO: [Netlist 29-17] Analyzing 22 Unisim elements for replacement
INFO: [Netlist 29-28] Unisim Transformation completed in 0 CPU seconds
INFO: [Project 1-570] Preparing netlist for logic optimization
INFO: [Opt 31-138] Pushed 0 inverter(s) to 0 load pin(s).
Netlist sorting complete. Time (s): cpu = 00:00:00 ; elapsed = 00:00:00 . Memory (MB): peak = 1294.180 ; gain = 0.000
INFO: [Project 1-111] Unisim Transformation Summary:
  A total of 22 instances were transformed.
  LD => LDCE: 22 instances

INFO: [Common 17-83] Releasing license: Synthesis
20 Infos, 47 Warnings, 45 Critical Warnings and 0 Errors encountered.
synth_design completed successfully
synth_design: Time (s): cpu = 00:00:32 ; elapsed = 00:00:43 . Memory (MB): peak = 1294.180 ; gain = 181.500
INFO: [runtcl-6] Synthesis results are not added to the cache due to CRITICAL_WARNING
INFO: [Common 17-1381] The checkpoint 'C:/Users/robdj/Documents/RMIT_2021/CAP_STONE/DVI_PASSTHROUGH_CAPS/Working_HDMI_passthrough/Working_HDMI_passthrough.runs/synth_1/colourise.dcp' has been generated.
INFO: [runtcl-4] Executing : report_utilization -file colourise_utilization_synth.rpt -pb colourise_utilization_synth.pb
INFO: [Common 17-206] Exiting Vivado at Sun Jun 27 13:23:46 2021...
